RUN	simulations.UpdateUserSimulation	updateusersimulation	1614671776622	testing put	3.5.1
USER	Update User Scenario	START	1614671779450
USER	Update User Scenario	START	1614671779450
USER	Update User Scenario	START	1614671779450
USER	Update User Scenario	START	1614671784014
USER	Update User Scenario	START	1614671784015
USER	Update User Scenario	START	1614671784016
USER	Update User Scenario	START	1614671784018
USER	Update User Scenario	START	1614671784021
USER	Update User Scenario	START	1614671779450
USER	Update User Scenario	START	1614671784023
USER	Update User Scenario	START	1614671784025
USER	Update User Scenario	START	1614671784025
USER	Update User Scenario	START	1614671784027
USER	Update User Scenario	START	1614671784023
USER	Update User Scenario	START	1614671784029
USER	Update User Scenario	START	1614671779450
USER	Update User Scenario	START	1614671784014
USER	Update User Scenario	START	1614671779450
USER	Update User Scenario	START	1614671784034
USER	Update User Scenario	START	1614671784036
USER	Update User Scenario	START	1614671784036
USER	Update User Scenario	START	1614671784039
USER	Update User Scenario	START	1614671784037
USER	Update User Scenario	START	1614671784041
USER	Update User Scenario	START	1614671784016
USER	Update User Scenario	START	1614671784043
USER	Update User Scenario	START	1614671784044
USER	Update User Scenario	START	1614671779450
USER	Update User Scenario	START	1614671784028
USER	Update User Scenario	START	1614671784033
USER	Update User Scenario	START	1614671784047
USER	Update User Scenario	START	1614671784048
USER	Update User Scenario	START	1614671784048
USER	Update User Scenario	START	1614671784050
USER	Update User Scenario	START	1614671784051
USER	Update User Scenario	START	1614671784053
USER	Update User Scenario	START	1614671784036
USER	Update User Scenario	START	1614671784056
USER	Update User Scenario	START	1614671784054
USER	Update User Scenario	START	1614671784057
USER	Update User Scenario	START	1614671784030
USER	Update User Scenario	START	1614671784058
USER	Update User Scenario	START	1614671784042
USER	Update User Scenario	START	1614671784057
USER	Update User Scenario	START	1614671784061
USER	Update User Scenario	START	1614671784060
USER	Update User Scenario	START	1614671784063
USER	Update User Scenario	START	1614671784064
USER	Update User Scenario	START	1614671784066
USER	Update User Scenario	START	1614671784045
USER	Update User Scenario	START	1614671784046
USER	Update User Scenario	START	1614671784070
USER	Update User Scenario	START	1614671784050
USER	Update User Scenario	START	1614671784073
USER	Update User Scenario	START	1614671784059
USER	Update User Scenario	START	1614671784076
USER	Update User Scenario	START	1614671784065
USER	Update User Scenario	START	1614671784066
USER	Update User Scenario	START	1614671784068
USER	Update User Scenario	START	1614671784077
USER	Update User Scenario	START	1614671784079
USER	Update User Scenario	START	1614671784077
USER	Update User Scenario	START	1614671784080
USER	Update User Scenario	START	1614671784082
USER	Update User Scenario	START	1614671784072
USER	Update User Scenario	START	1614671784083
USER	Update User Scenario	START	1614671784074
USER	Update User Scenario	START	1614671784063
USER	Update User Scenario	START	1614671784076
USER	Update User Scenario	START	1614671784087
USER	Update User Scenario	START	1614671784079
USER	Update User Scenario	START	1614671784088
USER	Update User Scenario	START	1614671784090
USER	Update User Scenario	START	1614671784091
USER	Update User Scenario	START	1614671784081
USER	Update User Scenario	START	1614671784088
USER	Update User Scenario	START	1614671784093
USER	Update User Scenario	START	1614671784093
USER	Update User Scenario	START	1614671784083
USER	Update User Scenario	START	1614671784084
USER	Update User Scenario	START	1614671784095
USER	Update User Scenario	START	1614671784095
USER	Update User Scenario	START	1614671784090
USER	Update User Scenario	START	1614671784103
USER	Update User Scenario	START	1614671784104
USER	Update User Scenario	START	1614671784107
USER	Update User Scenario	START	1614671784109
USER	Update User Scenario	START	1614671784111
USER	Update User Scenario	START	1614671784113
USER	Update User Scenario	START	1614671784113
USER	Update User Scenario	START	1614671784115
USER	Update User Scenario	START	1614671784116
USER	Update User Scenario	START	1614671784116
USER	Update User Scenario	START	1614671784117
USER	Update User Scenario	START	1614671784118
USER	Update User Scenario	START	1614671784119
USER	Update User Scenario	START	1614671784120
USER	Update User Scenario	START	1614671784090
USER	Update User Scenario	START	1614671784122
USER	Update User Scenario	START	1614671784080
USER	Update User Scenario	START	1614671784093
USER	Update User Scenario	START	1614671784124
USER	Update User Scenario	START	1614671784129
USER	Update User Scenario	START	1614671784125
USER	Update User Scenario	START	1614671784119
USER	Update User Scenario	START	1614671784131
USER	Update User Scenario	START	1614671784098
USER	Update User Scenario	START	1614671784133
USER	Update User Scenario	START	1614671784134
USER	Update User Scenario	START	1614671784122
USER	Update User Scenario	START	1614671784136
USER	Update User Scenario	START	1614671784136
USER	Update User Scenario	START	1614671784136
USER	Update User Scenario	START	1614671784137
USER	Update User Scenario	START	1614671784129
USER	Update User Scenario	START	1614671784138
USER	Update User Scenario	START	1614671784138
USER	Update User Scenario	START	1614671784139
USER	Update User Scenario	START	1614671784095
USER	Update User Scenario	START	1614671784141
USER	Update User Scenario	START	1614671784139
USER	Update User Scenario	START	1614671784132
USER	Update User Scenario	START	1614671784102
USER	Update User Scenario	START	1614671784144
USER	Update User Scenario	START	1614671784145
USER	Update User Scenario	START	1614671784146
USER	Update User Scenario	START	1614671784148
USER	Update User Scenario	START	1614671784149
USER	Update User Scenario	START	1614671784147
USER	Update User Scenario	START	1614671784138
USER	Update User Scenario	START	1614671784137
USER	Update User Scenario	START	1614671784140
USER	Update User Scenario	START	1614671784168
USER	Update User Scenario	START	1614671784170
USER	Update User Scenario	START	1614671784172
USER	Update User Scenario	START	1614671784174
USER	Update User Scenario	START	1614671784142
USER	Update User Scenario	START	1614671784175
USER	Update User Scenario	START	1614671784176
USER	Update User Scenario	START	1614671784179
USER	Update User Scenario	START	1614671784180
USER	Update User Scenario	START	1614671784146
USER	Update User Scenario	START	1614671784144
USER	Update User Scenario	START	1614671784181
USER	Update User Scenario	START	1614671784182
USER	Update User Scenario	START	1614671784182
USER	Update User Scenario	START	1614671784184
USER	Update User Scenario	START	1614671784184
USER	Update User Scenario	START	1614671784159
USER	Update User Scenario	START	1614671784185
USER	Update User Scenario	START	1614671784185
USER	Update User Scenario	START	1614671784186
USER	Update User Scenario	START	1614671784167
USER	Update User Scenario	START	1614671784188
USER	Update User Scenario	START	1614671784189
USER	Update User Scenario	START	1614671784191
USER	Update User Scenario	START	1614671784192
USER	Update User Scenario	START	1614671784182
USER	Update User Scenario	START	1614671784181
USER	Update User Scenario	START	1614671784195
USER	Update User Scenario	START	1614671784194
USER	Update User Scenario	START	1614671784197
USER	Update User Scenario	START	1614671784186
USER	Update User Scenario	START	1614671784199
USER	Update User Scenario	START	1614671784199
USER	Update User Scenario	START	1614671784202
USER	Update User Scenario	START	1614671784191
USER	Update User Scenario	START	1614671784176
USER	Update User Scenario	START	1614671784203
USER	Update User Scenario	START	1614671784203
USER	Update User Scenario	START	1614671784204
USER	Update User Scenario	START	1614671784204
USER	Update User Scenario	START	1614671784205
USER	Update User Scenario	START	1614671784205
USER	Update User Scenario	START	1614671784205
USER	Update User Scenario	START	1614671784206
USER	Update User Scenario	START	1614671784206
USER	Update User Scenario	START	1614671784207
USER	Update User Scenario	START	1614671784194
USER	Update User Scenario	START	1614671784207
USER	Update User Scenario	START	1614671784185
USER	Update User Scenario	START	1614671784209
USER	Update User Scenario	START	1614671784198
USER	Update User Scenario	START	1614671784209
USER	Update User Scenario	START	1614671784207
USER	Update User Scenario	START	1614671784203
USER	Update User Scenario	START	1614671784219
USER	Update User Scenario	START	1614671784220
USER	Update User Scenario	START	1614671784208
USER	Update User Scenario	START	1614671784222
USER	Update User Scenario	START	1614671784223
USER	Update User Scenario	START	1614671784229
USER	Update User Scenario	START	1614671784208
USER	Update User Scenario	START	1614671784231
USER	Update User Scenario	START	1614671784232
USER	Update User Scenario	START	1614671784233
USER	Update User Scenario	START	1614671784233
USER	Update User Scenario	START	1614671784234
USER	Update User Scenario	START	1614671784234
USER	Update User Scenario	START	1614671784235
USER	Update User Scenario	START	1614671784235
USER	Update User Scenario	START	1614671784236
USER	Update User Scenario	START	1614671784236
USER	Update User Scenario	START	1614671784237
USER	Update User Scenario	START	1614671784237
USER	Update User Scenario	START	1614671784238
USER	Update User Scenario	START	1614671784238
USER	Update User Scenario	START	1614671784239
USER	Update User Scenario	START	1614671784240
USER	Update User Scenario	START	1614671784239
USER	Update User Scenario	START	1614671784242
USER	Update User Scenario	START	1614671784245
USER	Update User Scenario	START	1614671784225
USER	Update User Scenario	START	1614671784246
USER	Update User Scenario	START	1614671784249
USER	Update User Scenario	START	1614671784251
USER	Update User Scenario	START	1614671784252
USER	Update User Scenario	START	1614671784254
USER	Update User Scenario	START	1614671784249
USER	Update User Scenario	START	1614671784255
USER	Update User Scenario	START	1614671784257
USER	Update User Scenario	START	1614671784258
USER	Update User Scenario	START	1614671784259
USER	Update User Scenario	START	1614671784259
USER	Update User Scenario	START	1614671784260
USER	Update User Scenario	START	1614671784260
USER	Update User Scenario	START	1614671784265
USER	Update User Scenario	START	1614671784268
USER	Update User Scenario	START	1614671784151
USER	Update User Scenario	START	1614671784272
USER	Update User Scenario	START	1614671784212
USER	Update User Scenario	START	1614671784274
USER	Update User Scenario	START	1614671784276
USER	Update User Scenario	START	1614671784282
USER	Update User Scenario	START	1614671784284
USER	Update User Scenario	START	1614671784283
USER	Update User Scenario	START	1614671784286
USER	Update User Scenario	START	1614671784293
USER	Update User Scenario	START	1614671784296
USER	Update User Scenario	START	1614671784298
USER	Update User Scenario	START	1614671784301
USER	Update User Scenario	START	1614671784302
USER	Update User Scenario	START	1614671784304
USER	Update User Scenario	START	1614671784306
USER	Update User Scenario	START	1614671784285
USER	Update User Scenario	START	1614671784315
USER	Update User Scenario	START	1614671784292
USER	Update User Scenario	START	1614671784262
USER	Update User Scenario	START	1614671784307
USER	Update User Scenario	START	1614671784317
USER	Update User Scenario	START	1614671784318
USER	Update User Scenario	START	1614671784318
USER	Update User Scenario	START	1614671784317
USER	Update User Scenario	START	1614671784322
USER	Update User Scenario	START	1614671784320
USER	Update User Scenario	START	1614671784330
USER	Update User Scenario	START	1614671784316
USER	Update User Scenario	START	1614671784335
USER	Update User Scenario	START	1614671784336
USER	Update User Scenario	START	1614671784338
USER	Update User Scenario	START	1614671784339
USER	Update User Scenario	START	1614671784340
USER	Update User Scenario	START	1614671784341
USER	Update User Scenario	START	1614671784332
USER	Update User Scenario	START	1614671784348
USER	Update User Scenario	START	1614671784347
USER	Update User Scenario	START	1614671784351
USER	Update User Scenario	START	1614671784243
USER	Update User Scenario	START	1614671784348
USER	Update User Scenario	START	1614671784355
USER	Update User Scenario	START	1614671784350
USER	Update User Scenario	START	1614671784358
USER	Update User Scenario	START	1614671784359
USER	Update User Scenario	START	1614671784360
USER	Update User Scenario	START	1614671784342
USER	Update User Scenario	START	1614671784369
USER	Update User Scenario	START	1614671784361
USER	Update User Scenario	START	1614671784354
USER	Update User Scenario	START	1614671784370
USER	Update User Scenario	START	1614671784363
USER	Update User Scenario	START	1614671784372
USER	Update User Scenario	START	1614671784374
USER	Update User Scenario	START	1614671784319
USER	Update User Scenario	START	1614671784376
USER	Update User Scenario	START	1614671784377
USER	Update User Scenario	START	1614671784378
USER	Update User Scenario	START	1614671784380
USER	Update User Scenario	START	1614671784359
USER	Update User Scenario	START	1614671784381
USER	Update User Scenario	START	1614671784371
USER	Update User Scenario	START	1614671784370
USER	Update User Scenario	START	1614671784384
USER	Update User Scenario	START	1614671784384
USER	Update User Scenario	START	1614671784387
USER	Update User Scenario	START	1614671784376
USER	Update User Scenario	START	1614671784388
USER	Update User Scenario	START	1614671784389
USER	Update User Scenario	START	1614671784379
USER	Update User Scenario	START	1614671784381
USER	Update User Scenario	START	1614671784385
USER	Update User Scenario	START	1614671784389
USER	Update User Scenario	START	1614671784391
USER	Update User Scenario	START	1614671784391
USER	Update User Scenario	START	1614671784392
USER	Update User Scenario	START	1614671784390
USER	Update User Scenario	START	1614671784395
USER	Update User Scenario	START	1614671784391
USER	Update User Scenario	START	1614671784391
USER	Update User Scenario	START	1614671784397
USER	Update User Scenario	START	1614671784399
USER	Update User Scenario	START	1614671784392
USER	Update User Scenario	START	1614671784394
USER	Update User Scenario	START	1614671784396
USER	Update User Scenario	START	1614671784402
USER	Update User Scenario	START	1614671784402
USER	Update User Scenario	START	1614671784403
USER	Update User Scenario	START	1614671784399
USER	Update User Scenario	START	1614671784403
USER	Update User Scenario	START	1614671784402
USER	Update User Scenario	START	1614671784404
USER	Update User Scenario	START	1614671784405
USER	Update User Scenario	START	1614671784405
USER	Update User Scenario	START	1614671784405
USER	Update User Scenario	START	1614671784403
USER	Update User Scenario	START	1614671784406
USER	Update User Scenario	START	1614671784407
USER	Update User Scenario	START	1614671784406
USER	Update User Scenario	START	1614671784408
USER	Update User Scenario	START	1614671784409
USER	Update User Scenario	START	1614671784404
USER	Update User Scenario	START	1614671784411
USER	Update User Scenario	START	1614671784413
USER	Update User Scenario	START	1614671784406
USER	Update User Scenario	START	1614671784414
USER	Update User Scenario	START	1614671784416
USER	Update User Scenario	START	1614671784415
USER	Update User Scenario	START	1614671784408
USER	Update User Scenario	START	1614671784420
USER	Update User Scenario	START	1614671784421
USER	Update User Scenario	START	1614671784423
USER	Update User Scenario	START	1614671784425
USER	Update User Scenario	START	1614671784426
USER	Update User Scenario	START	1614671784434
USER	Update User Scenario	START	1614671784435
USER	Update User Scenario	START	1614671784436
USER	Update User Scenario	START	1614671784438
USER	Update User Scenario	START	1614671784441
USER	Update User Scenario	START	1614671784444
USER	Update User Scenario	START	1614671784412
USER	Update User Scenario	START	1614671784450
USER	Update User Scenario	START	1614671784352
USER	Update User Scenario	START	1614671784360
USER	Update User Scenario	START	1614671784451
USER	Update User Scenario	START	1614671784452
USER	Update User Scenario	START	1614671784454
USER	Update User Scenario	START	1614671784455
USER	Update User Scenario	START	1614671784456
USER	Update User Scenario	START	1614671784456
USER	Update User Scenario	START	1614671784457
USER	Update User Scenario	START	1614671784409
USER	Update User Scenario	START	1614671784459
USER	Update User Scenario	START	1614671784418
USER	Update User Scenario	START	1614671784460
USER	Update User Scenario	START	1614671784461
USER	Update User Scenario	START	1614671784450
USER	Update User Scenario	START	1614671784462
USER	Update User Scenario	START	1614671784463
USER	Update User Scenario	START	1614671784465
USER	Update User Scenario	START	1614671784467
USER	Update User Scenario	START	1614671784459
USER	Update User Scenario	START	1614671784470
USER	Update User Scenario	START	1614671784471
USER	Update User Scenario	START	1614671784461
USER	Update User Scenario	START	1614671784472
USER	Update User Scenario	START	1614671784473
USER	Update User Scenario	START	1614671784462
USER	Update User Scenario	START	1614671784463
USER	Update User Scenario	START	1614671784475
USER	Update User Scenario	START	1614671784486
USER	Update User Scenario	START	1614671784453
USER	Update User Scenario	START	1614671784496
USER	Update User Scenario	START	1614671784451
USER	Update User Scenario	START	1614671784471
USER	Update User Scenario	START	1614671784474
USER	Update User Scenario	START	1614671784487
USER	Update User Scenario	START	1614671784521
USER	Update User Scenario	START	1614671784520
USER	Update User Scenario	START	1614671784522
USER	Update User Scenario	START	1614671784523
USER	Update User Scenario	START	1614671784524
USER	Update User Scenario	START	1614671784524
USER	Update User Scenario	START	1614671784525
USER	Update User Scenario	START	1614671784526
USER	Update User Scenario	START	1614671784525
USER	Update User Scenario	START	1614671784529
USER	Update User Scenario	START	1614671784530
USER	Update User Scenario	START	1614671784530
USER	Update User Scenario	START	1614671784531
USER	Update User Scenario	START	1614671784417
USER	Update User Scenario	START	1614671784532
USER	Update User Scenario	START	1614671784532
USER	Update User Scenario	START	1614671784533
USER	Update User Scenario	START	1614671784473
USER	Update User Scenario	START	1614671784535
USER	Update User Scenario	START	1614671784536
USER	Update User Scenario	START	1614671784538
USER	Update User Scenario	START	1614671784539
USER	Update User Scenario	START	1614671784521
USER	Update User Scenario	START	1614671784540
USER	Update User Scenario	START	1614671784541
USER	Update User Scenario	START	1614671784542
USER	Update User Scenario	START	1614671784531
USER	Update User Scenario	START	1614671784520
USER	Update User Scenario	START	1614671784535
USER	Update User Scenario	START	1614671784546
USER	Update User Scenario	START	1614671784545
USER	Update User Scenario	START	1614671784547
USER	Update User Scenario	START	1614671784547
USER	Update User Scenario	START	1614671784548
USER	Update User Scenario	START	1614671784550
USER	Update User Scenario	START	1614671784537
USER	Update User Scenario	START	1614671784542
USER	Update User Scenario	START	1614671784551
USER	Update User Scenario	START	1614671784547
USER	Update User Scenario	START	1614671784552
USER	Update User Scenario	START	1614671784553
USER	Update User Scenario	START	1614671784553
USER	Update User Scenario	START	1614671784549
USER	Update User Scenario	START	1614671784554
USER	Update User Scenario	START	1614671784553
USER	Update User Scenario	START	1614671784555
USER	Update User Scenario	START	1614671784555
USER	Update User Scenario	START	1614671784556
USER	Update User Scenario	START	1614671784556
USER	Update User Scenario	START	1614671784498
USER	Update User Scenario	START	1614671784557
USER	Update User Scenario	START	1614671784557
USER	Update User Scenario	START	1614671784558
USER	Update User Scenario	START	1614671784558
USER	Update User Scenario	START	1614671784559
USER	Update User Scenario	START	1614671784559
USER	Update User Scenario	START	1614671784560
USER	Update User Scenario	START	1614671784560
USER	Update User Scenario	START	1614671784561
USER	Update User Scenario	START	1614671784562
USER	Update User Scenario	START	1614671784563
USER	Update User Scenario	START	1614671784558
USER	Update User Scenario	START	1614671784565
USER	Update User Scenario	START	1614671784566
USER	Update User Scenario	START	1614671784568
USER	Update User Scenario	START	1614671784568
USER	Update User Scenario	START	1614671784568
USER	Update User Scenario	START	1614671784569
USER	Update User Scenario	START	1614671784569
USER	Update User Scenario	START	1614671784570
USER	Update User Scenario	START	1614671784570
USER	Update User Scenario	START	1614671784571
USER	Update User Scenario	START	1614671784571
USER	Update User Scenario	START	1614671784572
USER	Update User Scenario	START	1614671784572
USER	Update User Scenario	START	1614671784573
USER	Update User Scenario	START	1614671784573
USER	Update User Scenario	START	1614671784574
USER	Update User Scenario	START	1614671784574
USER	Update User Scenario	START	1614671784575
USER	Update User Scenario	START	1614671784576
USER	Update User Scenario	START	1614671784579
USER	Update User Scenario	START	1614671784581
USER	Update User Scenario	START	1614671784551
USER	Update User Scenario	START	1614671784583
USER	Update User Scenario	START	1614671784583
USER	Update User Scenario	START	1614671784584
USER	Update User Scenario	START	1614671784584
USER	Update User Scenario	START	1614671784585
USER	Update User Scenario	START	1614671784606
USER	Update User Scenario	START	1614671784653
USER	Update User Scenario	START	1614671784654
USER	Update User Scenario	START	1614671784655
USER	Update User Scenario	START	1614671784657
USER	Update User Scenario	START	1614671784658
USER	Update User Scenario	START	1614671784659
USER	Update User Scenario	START	1614671784663
USER	Update User Scenario	START	1614671784666
USER	Update User Scenario	START	1614671784668
USER	Update User Scenario	START	1614671784669
USER	Update User Scenario	START	1614671784671
USER	Update User Scenario	START	1614671784672
USER	Update User Scenario	START	1614671784673
USER	Update User Scenario	START	1614671784674
USER	Update User Scenario	START	1614671784675
USER	Update User Scenario	START	1614671784676
USER	Update User Scenario	START	1614671784676
USER	Update User Scenario	START	1614671784684
USER	Update User Scenario	START	1614671784685
USER	Update User Scenario	START	1614671784687
USER	Update User Scenario	START	1614671784689
USER	Update User Scenario	START	1614671784690
USER	Update User Scenario	START	1614671784692
USER	Update User Scenario	START	1614671784693
USER	Update User Scenario	START	1614671784701
REQUEST		get tuser request	1614671784258	1614671789095	OK	 
REQUEST		get tuser request	1614671784205	1614671789058	OK	 
USER	Update User Scenario	END	1614671789144
USER	Update User Scenario	END	1614671789145
REQUEST		get tuser request	1614671784132	1614671789178	OK	 
REQUEST		get tuser request	1614671784536	1614671789179	OK	 
USER	Update User Scenario	END	1614671789179
USER	Update User Scenario	END	1614671789180
REQUEST		get tuser request	1614671784370	1614671789190	OK	 
USER	Update User Scenario	END	1614671789192
REQUEST		get tuser request	1614671784199	1614671789193	OK	 
USER	Update User Scenario	END	1614671789195
REQUEST		get tuser request	1614671784217	1614671789227	OK	 
USER	Update User Scenario	END	1614671789231
REQUEST		get tuser request	1614671784148	1614671789620	OK	 
USER	Update User Scenario	END	1614671789621
REQUEST		get tuser request	1614671784129	1614671789634	OK	 
USER	Update User Scenario	END	1614671789635
REQUEST		get tuser request	1614671784185	1614671789637	OK	 
USER	Update User Scenario	END	1614671789638
REQUEST		get tuser request	1614671784460	1614671789868	OK	 
USER	Update User Scenario	END	1614671789870
REQUEST		get tuser request	1614671784146	1614671790099	OK	 
USER	Update User Scenario	END	1614671790100
REQUEST		get tuser request	1614671784369	1614671790286	OK	 
USER	Update User Scenario	END	1614671790287
REQUEST		get tuser request	1614671784400	1614671790601	OK	 
USER	Update User Scenario	END	1614671790603
REQUEST		get tuser request	1614671784193	1614671791023	OK	 
USER	Update User Scenario	END	1614671791025
REQUEST		get tuser request	1614671784186	1614671791044	OK	 
USER	Update User Scenario	END	1614671791046
REQUEST		get tuser request	1614671784474	1614671791117	OK	 
USER	Update User Scenario	END	1614671791119
REQUEST		get tuser request	1614671784386	1614671791450	OK	 
USER	Update User Scenario	END	1614671791451
REQUEST		get tuser request	1614671784222	1614671791587	OK	 
USER	Update User Scenario	END	1614671791588
REQUEST		get tuser request	1614671784221	1614671791599	OK	 
USER	Update User Scenario	END	1614671791601
REQUEST		get tuser request	1614671784371	1614671791651	OK	 
USER	Update User Scenario	END	1614671791653
REQUEST		get tuser request	1614671784404	1614671791724	OK	 
USER	Update User Scenario	END	1614671791725
REQUEST		get tuser request	1614671784184	1614671791736	OK	 
USER	Update User Scenario	END	1614671791737
REQUEST		get tuser request	1614671784091	1614671791740	OK	 
REQUEST		get tuser request	1614671784434	1614671791741	OK	 
USER	Update User Scenario	END	1614671791741
USER	Update User Scenario	END	1614671791741
REQUEST		get tuser request	1614671784254	1614671791769	OK	 
USER	Update User Scenario	END	1614671791771
REQUEST		get tuser request	1614671784026	1614671791771	OK	 
USER	Update User Scenario	END	1614671791772
REQUEST		get tuser request	1614671784224	1614671791881	OK	 
USER	Update User Scenario	END	1614671791882
REQUEST		get tuser request	1614671784392	1614671791885	OK	 
USER	Update User Scenario	END	1614671791886
REQUEST		get tuser request	1614671784406	1614671791927	OK	 
USER	Update User Scenario	END	1614671791929
REQUEST		get tuser request	1614671784248	1614671791941	OK	 
USER	Update User Scenario	END	1614671791941
REQUEST		get tuser request	1614671784269	1614671792001	OK	 
REQUEST		get tuser request	1614671784455	1614671792001	OK	 
USER	Update User Scenario	END	1614671792002
USER	Update User Scenario	END	1614671792002
REQUEST		get tuser request	1614671784488	1614671792054	OK	 
REQUEST		get tuser request	1614671784553	1614671792054	OK	 
USER	Update User Scenario	END	1614671792055
USER	Update User Scenario	END	1614671792055
REQUEST		get tuser request	1614671784551	1614671792140	OK	 
USER	Update User Scenario	END	1614671792142
REQUEST		get tuser request	1614671784542	1614671792149	OK	 
USER	Update User Scenario	END	1614671792150
REQUEST		get tuser request	1614671784473	1614671792172	OK	 
REQUEST		get tuser request	1614671784475	1614671792172	OK	 
USER	Update User Scenario	END	1614671792173
USER	Update User Scenario	END	1614671792173
REQUEST		get tuser request	1614671784524	1614671792207	OK	 
USER	Update User Scenario	END	1614671792208
REQUEST		get tuser request	1614671784523	1614671792235	OK	 
USER	Update User Scenario	END	1614671792236
REQUEST		get tuser request	1614671784530	1614671792237	OK	 
USER	Update User Scenario	END	1614671792238
REQUEST		get tuser request	1614671784546	1614671792243	OK	 
REQUEST		get tuser request	1614671784083	1614671792243	OK	 
USER	Update User Scenario	END	1614671792244
USER	Update User Scenario	END	1614671792244
REQUEST		get tuser request	1614671784457	1614671792276	OK	 
USER	Update User Scenario	END	1614671792277
REQUEST		get tuser request	1614671784461	1614671792282	OK	 
USER	Update User Scenario	END	1614671792283
REQUEST		get tuser request	1614671784099	1614671792302	OK	 
USER	Update User Scenario	END	1614671792303
REQUEST		get tuser request	1614671784547	1614671792305	OK	 
USER	Update User Scenario	END	1614671792306
REQUEST		get tuser request	1614671784190	1614671792323	OK	 
REQUEST		get tuser request	1614671784337	1614671792324	OK	 
USER	Update User Scenario	END	1614671792324
USER	Update User Scenario	END	1614671792325
REQUEST		get tuser request	1614671784405	1614671792331	OK	 
USER	Update User Scenario	END	1614671792332
REQUEST		get tuser request	1614671784341	1614671792381	OK	 
USER	Update User Scenario	END	1614671792383
REQUEST		get tuser request	1614671784192	1614671792391	OK	 
USER	Update User Scenario	END	1614671792392
REQUEST		get tuser request	1614671784202	1614671792393	OK	 
USER	Update User Scenario	END	1614671792397
REQUEST		get tuser request	1614671784206	1614671792402	OK	 
USER	Update User Scenario	END	1614671792403
REQUEST		get tuser request	1614671784203	1614671792404	OK	 
USER	Update User Scenario	END	1614671792405
REQUEST		get tuser request	1614671784236	1614671792414	OK	 
USER	Update User Scenario	END	1614671792415
REQUEST		get tuser request	1614671784383	1614671792432	OK	 
USER	Update User Scenario	END	1614671792433
REQUEST		get tuser request	1614671784238	1614671792450	OK	 
REQUEST		get tuser request	1614671784339	1614671792451	OK	 
USER	Update User Scenario	END	1614671792451
USER	Update User Scenario	END	1614671792451
REQUEST		get tuser request	1614671784221	1614671792459	OK	 
USER	Update User Scenario	END	1614671792460
REQUEST		get tuser request	1614671784384	1614671792466	OK	 
USER	Update User Scenario	END	1614671792467
REQUEST		get tuser request	1614671784547	1614671792467	OK	 
USER	Update User Scenario	END	1614671792468
REQUEST		get tuser request	1614671784553	1614671792472	OK	 
USER	Update User Scenario	END	1614671792473
REQUEST		get tuser request	1614671784243	1614671792493	OK	 
REQUEST		get tuser request	1614671784360	1614671792492	OK	 
USER	Update User Scenario	END	1614671792494
USER	Update User Scenario	END	1614671792494
REQUEST		get tuser request	1614671784486	1614671792495	OK	 
USER	Update User Scenario	END	1614671792496
REQUEST		get tuser request	1614671784194	1614671792499	OK	 
REQUEST		get tuser request	1614671784237	1614671792499	OK	 
USER	Update User Scenario	END	1614671792499
USER	Update User Scenario	END	1614671792499
REQUEST		get tuser request	1614671784353	1614671792500	OK	 
USER	Update User Scenario	END	1614671792501
REQUEST		get tuser request	1614671784024	1614671792503	OK	 
USER	Update User Scenario	END	1614671792504
REQUEST		get tuser request	1614671784079	1614671792519	OK	 
USER	Update User Scenario	END	1614671792521
REQUEST		get tuser request	1614671784145	1614671792551	OK	 
REQUEST		get tuser request	1614671784028	1614671792551	OK	 
USER	Update User Scenario	END	1614671792552
USER	Update User Scenario	END	1614671792552
REQUEST		get tuser request	1614671784037	1614671792553	OK	 
USER	Update User Scenario	END	1614671792555
REQUEST		get tuser request	1614671784354	1614671792556	OK	 
USER	Update User Scenario	END	1614671792557
REQUEST		get tuser request	1614671784386	1614671792558	OK	 
USER	Update User Scenario	END	1614671792560
REQUEST		get tuser request	1614671784376	1614671792563	OK	 
USER	Update User Scenario	END	1614671792565
REQUEST		get tuser request	1614671784266	1614671792565	OK	 
REQUEST		get tuser request	1614671784399	1614671792566	OK	 
USER	Update User Scenario	END	1614671792567
USER	Update User Scenario	END	1614671792567
REQUEST		get tuser request	1614671784557	1614671792597	OK	 
USER	Update User Scenario	END	1614671792598
REQUEST		get tuser request	1614671784585	1614671792606	OK	 
USER	Update User Scenario	END	1614671792607
REQUEST		get tuser request	1614671784521	1614671792636	OK	 
USER	Update User Scenario	END	1614671792637
REQUEST		get tuser request	1614671784558	1614671792668	OK	 
USER	Update User Scenario	END	1614671792669
REQUEST		get tuser request	1614671784390	1614671792675	OK	 
USER	Update User Scenario	END	1614671792677
REQUEST		get tuser request	1614671784583	1614671792704	OK	 
USER	Update User Scenario	END	1614671792705
REQUEST		get tuser request	1614671784369	1614671792706	OK	 
REQUEST		get tuser request	1614671784529	1614671792706	OK	 
USER	Update User Scenario	END	1614671792707
USER	Update User Scenario	END	1614671792707
REQUEST		get tuser request	1614671784143	1614671792713	OK	 
USER	Update User Scenario	END	1614671792714
REQUEST		get tuser request	1614671784550	1614671792732	OK	 
REQUEST		get tuser request	1614671784262	1614671792734	OK	 
USER	Update User Scenario	END	1614671792735
USER	Update User Scenario	END	1614671792736
REQUEST		get tuser request	1614671784560	1614671792737	OK	 
USER	Update User Scenario	END	1614671792739
REQUEST		get tuser request	1614671784389	1614671792759	OK	 
REQUEST		get tuser request	1614671784388	1614671792759	OK	 
USER	Update User Scenario	END	1614671792761
USER	Update User Scenario	END	1614671792761
REQUEST		get tuser request	1614671784471	1614671792786	OK	 
USER	Update User Scenario	END	1614671792788
REQUEST		get tuser request	1614671784568	1614671792788	OK	 
REQUEST		get tuser request	1614671784403	1614671792789	OK	 
USER	Update User Scenario	END	1614671792790
USER	Update User Scenario	END	1614671792790
REQUEST		get tuser request	1614671784556	1614671792801	OK	 
USER	Update User Scenario	END	1614671792802
REQUEST		get tuser request	1614671784259	1614671792841	OK	 
USER	Update User Scenario	END	1614671792842
REQUEST		get tuser request	1614671784335	1614671792850	OK	 
USER	Update User Scenario	END	1614671792851
REQUEST		get tuser request	1614671784531	1614671792865	OK	 
USER	Update User Scenario	END	1614671792866
REQUEST		get tuser request	1614671784338	1614671792953	OK	 
REQUEST		get tuser request	1614671784564	1614671792953	OK	 
USER	Update User Scenario	END	1614671792955
USER	Update User Scenario	END	1614671792955
REQUEST		get tuser request	1614671784569	1614671792982	OK	 
REQUEST		get tuser request	1614671784524	1614671792982	OK	 
USER	Update User Scenario	END	1614671792983
USER	Update User Scenario	END	1614671792983
REQUEST		get tuser request	1614671784392	1614671792997	OK	 
USER	Update User Scenario	END	1614671792998
REQUEST		get tuser request	1614671784317	1614671793041	OK	 
REQUEST		get tuser request	1614671784586	1614671793042	OK	 
USER	Update User Scenario	END	1614671793044
USER	Update User Scenario	END	1614671793044
REQUEST		get tuser request	1614671784403	1614671793051	OK	 
REQUEST		get tuser request	1614671784552	1614671793052	OK	 
USER	Update User Scenario	END	1614671793052
USER	Update User Scenario	END	1614671793053
REQUEST		get tuser request	1614671784525	1614671793054	OK	 
USER	Update User Scenario	END	1614671793055
REQUEST		get tuser request	1614671784530	1614671793076	OK	 
USER	Update User Scenario	END	1614671793078
REQUEST		get tuser request	1614671784470	1614671793090	OK	 
USER	Update User Scenario	END	1614671793091
REQUEST		get tuser request	1614671784235	1614671793134	OK	 
REQUEST		get tuser request	1614671784340	1614671793134	OK	 
USER	Update User Scenario	END	1614671793136
USER	Update User Scenario	END	1614671793136
REQUEST		get tuser request	1614671784402	1614671793151	OK	 
USER	Update User Scenario	END	1614671793153
REQUEST		get tuser request	1614671784406	1614671793156	OK	 
USER	Update User Scenario	END	1614671793158
REQUEST		get tuser request	1614671784554	1614671793219	OK	 
USER	Update User Scenario	END	1614671793223
REQUEST		get tuser request	1614671784395	1614671793242	OK	 
USER	Update User Scenario	END	1614671793245
REQUEST		get tuser request	1614671784410	1614671793252	OK	 
REQUEST		get tuser request	1614671784396	1614671793252	OK	 
USER	Update User Scenario	END	1614671793253
USER	Update User Scenario	END	1614671793254
REQUEST		get tuser request	1614671784066	1614671793256	OK	 
USER	Update User Scenario	END	1614671793258
REQUEST		get tuser request	1614671784101	1614671793275	OK	 
USER	Update User Scenario	END	1614671793276
REQUEST		get tuser request	1614671784559	1614671793281	OK	 
USER	Update User Scenario	END	1614671793281
REQUEST		get tuser request	1614671784387	1614671793284	OK	 
USER	Update User Scenario	END	1614671793285
REQUEST		get tuser request	1614671784242	1614671793288	OK	 
USER	Update User Scenario	END	1614671793289
REQUEST		get tuser request	1614671784398	1614671793312	OK	 
USER	Update User Scenario	END	1614671793315
REQUEST		get tuser request	1614671784405	1614671793329	OK	 
REQUEST		get tuser request	1614671784416	1614671793332	OK	 
USER	Update User Scenario	END	1614671793330
USER	Update User Scenario	END	1614671793336
REQUEST		get tuser request	1614671784103	1614671793342	OK	 
REQUEST		get tuser request	1614671784555	1614671793342	OK	 
USER	Update User Scenario	END	1614671793343
USER	Update User Scenario	END	1614671793344
REQUEST		get tuser request	1614671784410	1614671793389	OK	 
USER	Update User Scenario	END	1614671793389
REQUEST		get tuser request	1614671784446	1614671793390	OK	 
USER	Update User Scenario	END	1614671793391
REQUEST		get tuser request	1614671784561	1614671793392	OK	 
USER	Update User Scenario	END	1614671793393
REQUEST		get tuser request	1614671784523	1614671793499	OK	 
USER	Update User Scenario	END	1614671793500
REQUEST		get tuser request	1614671784469	1614671793520	OK	 
REQUEST		get tuser request	1614671784105	1614671793520	OK	 
USER	Update User Scenario	END	1614671793521
USER	Update User Scenario	END	1614671793521
REQUEST		get tuser request	1614671784531	1614671793532	OK	 
USER	Update User Scenario	END	1614671793533
REQUEST		get tuser request	1614671784572	1614671793534	OK	 
USER	Update User Scenario	END	1614671793535
REQUEST		get tuser request	1614671784414	1614671793536	OK	 
USER	Update User Scenario	END	1614671793537
REQUEST		get tuser request	1614671784180	1614671793548	OK	 
USER	Update User Scenario	END	1614671793549
REQUEST		get tuser request	1614671784462	1614671793569	OK	 
USER	Update User Scenario	END	1614671793569
REQUEST		get tuser request	1614671784466	1614671793586	OK	 
USER	Update User Scenario	END	1614671793587
REQUEST		get tuser request	1614671784463	1614671793667	OK	 
USER	Update User Scenario	END	1614671793668
REQUEST		get tuser request	1614671784520	1614671793676	OK	 
REQUEST		get tuser request	1614671784570	1614671793676	OK	 
USER	Update User Scenario	END	1614671793677
USER	Update User Scenario	END	1614671793677
REQUEST		get tuser request	1614671784573	1614671793691	OK	 
USER	Update User Scenario	END	1614671793691
REQUEST		get tuser request	1614671784573	1614671793705	OK	 
USER	Update User Scenario	END	1614671793706
REQUEST		get tuser request	1614671784517	1614671793723	OK	 
USER	Update User Scenario	END	1614671793724
REQUEST		get tuser request	1614671784540	1614671793749	OK	 
USER	Update User Scenario	END	1614671793750
REQUEST		get tuser request	1614671784112	1614671793767	OK	 
USER	Update User Scenario	END	1614671793768
REQUEST		get tuser request	1614671784109	1614671793793	OK	 
USER	Update User Scenario	END	1614671793796
REQUEST		get tuser request	1614671784541	1614671793816	OK	 
USER	Update User Scenario	END	1614671793817
REQUEST		get tuser request	1614671784391	1614671793826	OK	 
USER	Update User Scenario	END	1614671793827
REQUEST		get tuser request	1614671784566	1614671793851	OK	 
USER	Update User Scenario	END	1614671793852
REQUEST		get tuser request	1614671784531	1614671793897	OK	 
USER	Update User Scenario	END	1614671793898
REQUEST		get tuser request	1614671784198	1614671793948	OK	 
USER	Update User Scenario	END	1614671793949
REQUEST		get tuser request	1614671784195	1614671793954	OK	 
USER	Update User Scenario	END	1614671793955
REQUEST		get tuser request	1614671784402	1614671793965	OK	 
USER	Update User Scenario	END	1614671793966
REQUEST		get tuser request	1614671784550	1614671793969	OK	 
USER	Update User Scenario	END	1614671793970
REQUEST		get tuser request	1614671784526	1614671793989	OK	 
USER	Update User Scenario	END	1614671793990
REQUEST		get tuser request	1614671784532	1614671793991	OK	 
REQUEST		get tuser request	1614671784415	1614671793992	OK	 
USER	Update User Scenario	END	1614671793993
REQUEST		get tuser request	1614671784555	1614671793994	OK	 
USER	Update User Scenario	END	1614671793995
USER	Update User Scenario	END	1614671793996
REQUEST		get tuser request	1614671784407	1614671794003	OK	 
USER	Update User Scenario	END	1614671794004
REQUEST		get tuser request	1614671784088	1614671794017	OK	 
USER	Update User Scenario	END	1614671794018
REQUEST		get tuser request	1614671784409	1614671794024	OK	 
USER	Update User Scenario	END	1614671794025
REQUEST		get tuser request	1614671784414	1614671794095	OK	 
USER	Update User Scenario	END	1614671794098
REQUEST		get tuser request	1614671784552	1614671794101	OK	 
USER	Update User Scenario	END	1614671794103
REQUEST		get tuser request	1614671784459	1614671794113	OK	 
USER	Update User Scenario	END	1614671794114
REQUEST		get tuser request	1614671784411	1614671794136	OK	 
USER	Update User Scenario	END	1614671794138
REQUEST		get tuser request	1614671784574	1614671794166	OK	 
USER	Update User Scenario	END	1614671794168
REQUEST		get tuser request	1614671784069	1614671794169	OK	 
USER	Update User Scenario	END	1614671794171
REQUEST		get tuser request	1614671784416	1614671794225	OK	 
USER	Update User Scenario	END	1614671794226
REQUEST		get tuser request	1614671784536	1614671794459	OK	 
USER	Update User Scenario	END	1614671794462
REQUEST		get tuser request	1614671784107	1614671794519	OK	 
USER	Update User Scenario	END	1614671794521
REQUEST		get tuser request	1614671784537	1614671794542	OK	 
USER	Update User Scenario	END	1614671794545
REQUEST		get tuser request	1614671784534	1614671794586	OK	 
USER	Update User Scenario	END	1614671794588
REQUEST		get tuser request	1614671784538	1614671794589	OK	 
USER	Update User Scenario	END	1614671794591
REQUEST		get tuser request	1614671784654	1614671794614	OK	 
USER	Update User Scenario	END	1614671794615
REQUEST		get tuser request	1614671784665	1614671794634	OK	 
USER	Update User Scenario	END	1614671794636
REQUEST		get tuser request	1614671784674	1614671794683	OK	 
USER	Update User Scenario	END	1614671794684
REQUEST		get tuser request	1614671784670	1614671794689	OK	 
USER	Update User Scenario	END	1614671794690
REQUEST		get tuser request	1614671784658	1614671794691	OK	 
USER	Update User Scenario	END	1614671794692
REQUEST		get tuser request	1614671784533	1614671794700	OK	 
USER	Update User Scenario	END	1614671794701
REQUEST		get tuser request	1614671784404	1614671794704	OK	 
USER	Update User Scenario	END	1614671794705
REQUEST		get tuser request	1614671784657	1614671794750	OK	 
USER	Update User Scenario	END	1614671794752
REQUEST		get tuser request	1614671784676	1614671794775	OK	 
USER	Update User Scenario	END	1614671794777
REQUEST		get tuser request	1614671784677	1614671794832	OK	 
USER	Update User Scenario	END	1614671794834
REQUEST		get tuser request	1614671784687	1614671794854	OK	 
USER	Update User Scenario	END	1614671794855
REQUEST		get tuser request	1614671784701	1614671794858	OK	 
USER	Update User Scenario	END	1614671794860
REQUEST		get tuser request	1614671784461	1614671794861	OK	 
USER	Update User Scenario	END	1614671794863
REQUEST		get tuser request	1614671784691	1614671794869	OK	 
USER	Update User Scenario	END	1614671794870
REQUEST		get tuser request	1614671784666	1614671794898	OK	 
USER	Update User Scenario	END	1614671794925
REQUEST		get tuser request	1614671784668	1614671794926	OK	 
USER	Update User Scenario	END	1614671794930
REQUEST		get tuser request	1614671784391	1614671795058	OK	 
USER	Update User Scenario	END	1614671795059
REQUEST		get tuser request	1614671784393	1614671795061	OK	 
USER	Update User Scenario	END	1614671795063
REQUEST		get tuser request	1614671784405	1614671795106	OK	 
USER	Update User Scenario	END	1614671795107
REQUEST		get tuser request	1614671784462	1614671795201	OK	 
USER	Update User Scenario	END	1614671795202
REQUEST		get tuser request	1614671784653	1614671795202	OK	 
USER	Update User Scenario	END	1614671795203
REQUEST		get tuser request	1614671784475	1614671795216	OK	 
USER	Update User Scenario	END	1614671795216
REQUEST		get tuser request	1614671779516	1614671795229	OK	 
USER	Update User Scenario	END	1614671795230
REQUEST		get tuser request	1614671784671	1614671795302	OK	 
USER	Update User Scenario	END	1614671795302
REQUEST		get tuser request	1614671784675	1614671795365	OK	 
USER	Update User Scenario	END	1614671795366
REQUEST		get tuser request	1614671779516	1614671795409	OK	 
USER	Update User Scenario	END	1614671795410
REQUEST		get tuser request	1614671784459	1614671795440	OK	 
USER	Update User Scenario	END	1614671795441
REQUEST		get tuser request	1614671784656	1614671795464	OK	 
USER	Update User Scenario	END	1614671795465
REQUEST		get tuser request	1614671784686	1614671795497	OK	 
USER	Update User Scenario	END	1614671795498
REQUEST		get tuser request	1614671784659	1614671795499	OK	 
REQUEST		get tuser request	1614671784606	1614671795504	OK	 
USER	Update User Scenario	END	1614671795501
USER	Update User Scenario	END	1614671795505
REQUEST		get tuser request	1614671784673	1614671795587	OK	 
USER	Update User Scenario	END	1614671795587
REQUEST		get tuser request	1614671779516	1614671795600	OK	 
USER	Update User Scenario	END	1614671795601
REQUEST		get tuser request	1614671784689	1614671795603	OK	 
USER	Update User Scenario	END	1614671795604
REQUEST		get tuser request	1614671784692	1614671795618	OK	 
USER	Update User Scenario	END	1614671795619
REQUEST		get tuser request	1614671784672	1614671795634	OK	 
USER	Update User Scenario	END	1614671795635
REQUEST		get tuser request	1614671784015	1614671795671	OK	 
USER	Update User Scenario	END	1614671795673
REQUEST		get tuser request	1614671779516	1614671795683	OK	 
REQUEST		get tuser request	1614671784684	1614671795684	OK	 
USER	Update User Scenario	END	1614671795685
USER	Update User Scenario	END	1614671795686
REQUEST		get tuser request	1614671784043	1614671795715	OK	 
USER	Update User Scenario	END	1614671795716
REQUEST		get tuser request	1614671784049	1614671795722	OK	 
USER	Update User Scenario	END	1614671795723
REQUEST		get tuser request	1614671784075	1614671795751	OK	 
REQUEST		get tuser request	1614671784036	1614671795752	OK	 
USER	Update User Scenario	END	1614671795752
USER	Update User Scenario	END	1614671795752
REQUEST		get tuser request	1614671784019	1614671795773	OK	 
USER	Update User Scenario	END	1614671795775
REQUEST		get tuser request	1614671784232	1614671795782	OK	 
USER	Update User Scenario	END	1614671795783
REQUEST		get tuser request	1614671784698	1614671795799	OK	 
USER	Update User Scenario	END	1614671795801
REQUEST		get tuser request	1614671784045	1614671795824	OK	 
USER	Update User Scenario	END	1614671795826
REQUEST		get tuser request	1614671784058	1614671795840	OK	 
USER	Update User Scenario	END	1614671795841
REQUEST		get tuser request	1614671784030	1614671795925	OK	 
USER	Update User Scenario	END	1614671795927
REQUEST		get tuser request	1614671784023	1614671796014	OK	 
USER	Update User Scenario	END	1614671796016
REQUEST		get tuser request	1614671784073	1614671796106	OK	 
USER	Update User Scenario	END	1614671796108
REQUEST		get tuser request	1614671784137	1614671796701	OK	 
USER	Update User Scenario	END	1614671796703
REQUEST		get tuser request	1614671784047	1614671796704	OK	 
USER	Update User Scenario	END	1614671796705
REQUEST		get tuser request	1614671784118	1614671796740	OK	 
REQUEST		get tuser request	1614671784123	1614671796740	OK	 
USER	Update User Scenario	END	1614671796741
USER	Update User Scenario	END	1614671796741
REQUEST		get tuser request	1614671784119	1614671796753	OK	 
USER	Update User Scenario	END	1614671796754
REQUEST		get tuser request	1614671784184	1614671796784	OK	 
USER	Update User Scenario	END	1614671796785
REQUEST		get tuser request	1614671779516	1614671796836	OK	 
USER	Update User Scenario	END	1614671796838
REQUEST		get tuser request	1614671784064	1614671796879	OK	 
USER	Update User Scenario	END	1614671796882
REQUEST		get tuser request	1614671784185	1614671796905	OK	 
USER	Update User Scenario	END	1614671796907
REQUEST		get tuser request	1614671784132	1614671796949	OK	 
REQUEST		get tuser request	1614671784254	1614671796949	OK	 
USER	Update User Scenario	END	1614671796950
USER	Update User Scenario	END	1614671796950
REQUEST		get tuser request	1614671784215	1614671796962	OK	 
USER	Update User Scenario	END	1614671796964
REQUEST		get tuser request	1614671784181	1614671796974	OK	 
REQUEST		get tuser request	1614671784060	1614671796974	OK	 
USER	Update User Scenario	END	1614671796975
USER	Update User Scenario	END	1614671796975
REQUEST		get tuser request	1614671784125	1614671796975	OK	 
USER	Update User Scenario	END	1614671796977
REQUEST		get tuser request	1614671784082	1614671796988	OK	 
USER	Update User Scenario	END	1614671796989
REQUEST		get tuser request	1614671784017	1614671796998	OK	 
USER	Update User Scenario	END	1614671796999
REQUEST		get tuser request	1614671784034	1614671797019	OK	 
USER	Update User Scenario	END	1614671797020
REQUEST		get tuser request	1614671784089	1614671797051	OK	 
USER	Update User Scenario	END	1614671797053
REQUEST		get tuser request	1614671784206	1614671797095	OK	 
USER	Update User Scenario	END	1614671797099
REQUEST		get tuser request	1614671784229	1614671797120	OK	 
USER	Update User Scenario	END	1614671797122
REQUEST		get tuser request	1614671784236	1614671797123	OK	 
REQUEST		get tuser request	1614671784231	1614671797124	OK	 
USER	Update User Scenario	END	1614671797125
USER	Update User Scenario	END	1614671797129
REQUEST		get tuser request	1614671784021	1614671797150	OK	 
USER	Update User Scenario	END	1614671797151
REQUEST		get tuser request	1614671784051	1614671797169	OK	 
USER	Update User Scenario	END	1614671797171
REQUEST		get tuser request	1614671784047	1614671797186	OK	 
USER	Update User Scenario	END	1614671797187
REQUEST		get tuser request	1614671784201	1614671797232	OK	 
REQUEST		get tuser request	1614671784251	1614671797233	OK	 
USER	Update User Scenario	END	1614671797234
USER	Update User Scenario	END	1614671797235
REQUEST		get tuser request	1614671784097	1614671797246	OK	 
USER	Update User Scenario	END	1614671797271
REQUEST		get tuser request	1614671784348	1614671797272	OK	 
USER	Update User Scenario	END	1614671797273
REQUEST		get tuser request	1614671784076	1614671797282	OK	 
USER	Update User Scenario	END	1614671797282
REQUEST		get tuser request	1614671784070	1614671797314	OK	 
USER	Update User Scenario	END	1614671797315
REQUEST		get tuser request	1614671784138	1614671797369	OK	 
REQUEST		get tuser request	1614671784090	1614671797368	OK	 
USER	Update User Scenario	END	1614671797370
USER	Update User Scenario	END	1614671797370
REQUEST		get tuser request	1614671784084	1614671797376	OK	 
USER	Update User Scenario	END	1614671797379
REQUEST		get tuser request	1614671784167	1614671797396	OK	 
USER	Update User Scenario	END	1614671797398
REQUEST		get tuser request	1614671784167	1614671797414	OK	 
USER	Update User Scenario	END	1614671797415
REQUEST		get tuser request	1614671784172	1614671797422	OK	 
USER	Update User Scenario	END	1614671797424
REQUEST		get tuser request	1614671784138	1614671797464	OK	 
USER	Update User Scenario	END	1614671797467
REQUEST		get tuser request	1614671784137	1614671797475	OK	 
REQUEST		get tuser request	1614671784121	1614671797477	OK	 
USER	Update User Scenario	END	1614671797477
USER	Update User Scenario	END	1614671797480
REQUEST		get tuser request	1614671784456	1614671797552	OK	 
USER	Update User Scenario	END	1614671797554
REQUEST		get tuser request	1614671784284	1614671798041	OK	 
USER	Update User Scenario	END	1614671798042
REQUEST		get tuser request	1614671784235	1614671798131	OK	 
USER	Update User Scenario	END	1614671798132
REQUEST		get tuser request	1614671784243	1614671798163	OK	 
USER	Update User Scenario	END	1614671798165
REQUEST		get tuser request	1614671784233	1614671798216	OK	 
USER	Update User Scenario	END	1614671798217
REQUEST		get tuser request	1614671784234	1614671798220	OK	 
USER	Update User Scenario	END	1614671798221
REQUEST		get tuser request	1614671784183	1614671798234	OK	 
USER	Update User Scenario	END	1614671798236
REQUEST		get tuser request	1614671784377	1614671798331	OK	 
USER	Update User Scenario	END	1614671798331
REQUEST		get tuser request	1614671784418	1614671798353	OK	 
USER	Update User Scenario	END	1614671798354
REQUEST		get tuser request	1614671784150	1614671798361	OK	 
USER	Update User Scenario	END	1614671798363
REQUEST		get tuser request	1614671784286	1614671798390	OK	 
USER	Update User Scenario	END	1614671798391
REQUEST		get tuser request	1614671784297	1614671798391	OK	 
USER	Update User Scenario	END	1614671798392
REQUEST		get tuser request	1614671784442	1614671798514	OK	 
USER	Update User Scenario	END	1614671798515
REQUEST		get tuser request	1614671784319	1614671798516	OK	 
USER	Update User Scenario	END	1614671798516
REQUEST		get tuser request	1614671784270	1614671798530	OK	 
USER	Update User Scenario	END	1614671798531
REQUEST		get tuser request	1614671784424	1614671798536	OK	 
USER	Update User Scenario	END	1614671798536
REQUEST		get tuser request	1614671784395	1614671798553	OK	 
USER	Update User Scenario	END	1614671798554
REQUEST		get tuser request	1614671784467	1614671798562	OK	 
USER	Update User Scenario	END	1614671798564
REQUEST		get tuser request	1614671784420	1614671798566	OK	 
USER	Update User Scenario	END	1614671798566
REQUEST		get tuser request	1614671784303	1614671798586	OK	 
USER	Update User Scenario	END	1614671798587
REQUEST		get tuser request	1614671784205	1614671798599	OK	 
USER	Update User Scenario	END	1614671798600
REQUEST		get tuser request	1614671784241	1614671798605	OK	 
USER	Update User Scenario	END	1614671798606
REQUEST		get tuser request	1614671784246	1614671798765	OK	 
USER	Update User Scenario	END	1614671798766
REQUEST		get tuser request	1614671784436	1614671798784	OK	 
REQUEST		get tuser request	1614671784141	1614671798785	OK	 
USER	Update User Scenario	END	1614671798785
USER	Update User Scenario	END	1614671798786
REQUEST		get tuser request	1614671784559	1614671798786	OK	 
USER	Update User Scenario	END	1614671798787
REQUEST		get tuser request	1614671784293	1614671798787	OK	 
USER	Update User Scenario	END	1614671798788
REQUEST		get tuser request	1614671784286	1614671798816	OK	 
USER	Update User Scenario	END	1614671798817
REQUEST		get tuser request	1614671784358	1614671798836	OK	 
USER	Update User Scenario	END	1614671798837
REQUEST		get tuser request	1614671784458	1614671798838	OK	 
USER	Update User Scenario	END	1614671798839
REQUEST		get tuser request	1614671784355	1614671798856	OK	 
USER	Update User Scenario	END	1614671798857
REQUEST		get tuser request	1614671784238	1614671798857	OK	 
USER	Update User Scenario	END	1614671798857
REQUEST		get tuser request	1614671784452	1614671798857	OK	 
USER	Update User Scenario	END	1614671798858
REQUEST		get tuser request	1614671784253	1614671798868	OK	 
USER	Update User Scenario	END	1614671798869
REQUEST		get tuser request	1614671784129	1614671798913	OK	 
USER	Update User Scenario	END	1614671798914
REQUEST		get tuser request	1614671784044	1614671799095	OK	 
USER	Update User Scenario	END	1614671799097
REQUEST		get tuser request	1614671784145	1614671799098	OK	 
REQUEST		get tuser request	1614671784219	1614671799098	OK	 
REQUEST		get tuser request	1614671784318	1614671799098	OK	 
USER	Update User Scenario	END	1614671799099
USER	Update User Scenario	END	1614671799099
USER	Update User Scenario	END	1614671799099
REQUEST		get tuser request	1614671784250	1614671799113	OK	 
USER	Update User Scenario	END	1614671799114
REQUEST		get tuser request	1614671784208	1614671799132	OK	 
USER	Update User Scenario	END	1614671799133
REQUEST		get tuser request	1614671784075	1614671799149	OK	 
USER	Update User Scenario	END	1614671799150
REQUEST		get tuser request	1614671784234	1614671799163	OK	 
USER	Update User Scenario	END	1614671799164
REQUEST		get tuser request	1614671784272	1614671799172	OK	 
REQUEST		get tuser request	1614671784422	1614671799172	OK	 
USER	Update User Scenario	END	1614671799173
USER	Update User Scenario	END	1614671799173
REQUEST		get tuser request	1614671784202	1614671799260	OK	 
USER	Update User Scenario	END	1614671799262
REQUEST		get tuser request	1614671784247	1614671799264	OK	 
USER	Update User Scenario	END	1614671799265
REQUEST		get tuser request	1614671784256	1614671799266	OK	 
USER	Update User Scenario	END	1614671799267
REQUEST		get tuser request	1614671784189	1614671799296	OK	 
USER	Update User Scenario	END	1614671799297
REQUEST		get tuser request	1614671784547	1614671799298	OK	 
USER	Update User Scenario	END	1614671799299
REQUEST		get tuser request	1614671784321	1614671799319	OK	 
USER	Update User Scenario	END	1614671799320
REQUEST		get tuser request	1614671784042	1614671799336	OK	 
USER	Update User Scenario	END	1614671799337
REQUEST		get tuser request	1614671784171	1614671799350	OK	 
USER	Update User Scenario	END	1614671799351
REQUEST		get tuser request	1614671784040	1614671799352	OK	 
USER	Update User Scenario	END	1614671799353
REQUEST		get tuser request	1614671784306	1614671799362	OK	 
USER	Update User Scenario	END	1614671799364
REQUEST		get tuser request	1614671784563	1614671799365	OK	 
USER	Update User Scenario	END	1614671799368
REQUEST		get tuser request	1614671779516	1614671799368	OK	 
USER	Update User Scenario	END	1614671799369
REQUEST		get tuser request	1614671784260	1614671799381	OK	 
USER	Update User Scenario	END	1614671799381
REQUEST		get tuser request	1614671784574	1614671799409	OK	 
USER	Update User Scenario	END	1614671799412
REQUEST		get tuser request	1614671784452	1614671799501	OK	 
USER	Update User Scenario	END	1614671799502
REQUEST		get tuser request	1614671784437	1614671799558	OK	 
REQUEST		get tuser request	1614671784379	1614671799559	OK	 
USER	Update User Scenario	END	1614671799560
USER	Update User Scenario	END	1614671799561
REQUEST		get tuser request	1614671784042	1614671799564	OK	 
USER	Update User Scenario	END	1614671799565
REQUEST		get tuser request	1614671784359	1614671799569	OK	 
USER	Update User Scenario	END	1614671799570
REQUEST		get tuser request	1614671784089	1614671799572	OK	 
USER	Update User Scenario	END	1614671799573
REQUEST		get tuser request	1614671784316	1614671799583	OK	 
USER	Update User Scenario	END	1614671799584
REQUEST		get tuser request	1614671784305	1614671799585	OK	 
USER	Update User Scenario	END	1614671799586
REQUEST		get tuser request	1614671784191	1614671799590	OK	 
USER	Update User Scenario	END	1614671799591
REQUEST		get tuser request	1614671784237	1614671799600	OK	 
REQUEST		get tuser request	1614671784301	1614671799600	OK	 
USER	Update User Scenario	END	1614671799601
USER	Update User Scenario	END	1614671799601
REQUEST		get tuser request	1614671784347	1614671799602	OK	 
REQUEST		get tuser request	1614671784069	1614671799602	OK	 
USER	Update User Scenario	END	1614671799603
USER	Update User Scenario	END	1614671799603
REQUEST		get tuser request	1614671784573	1614671799607	OK	 
USER	Update User Scenario	END	1614671799608
REQUEST		get tuser request	1614671784561	1614671799610	OK	 
USER	Update User Scenario	END	1614671799612
REQUEST		get tuser request	1614671784580	1614671799619	OK	 
USER	Update User Scenario	END	1614671799620
REQUEST		get tuser request	1614671784180	1614671799620	OK	 
USER	Update User Scenario	END	1614671799621
REQUEST		get tuser request	1614671784147	1614671799691	OK	 
USER	Update User Scenario	END	1614671799693
REQUEST		get tuser request	1614671784115	1614671799700	OK	 
REQUEST		get tuser request	1614671784393	1614671799700	OK	 
USER	Update User Scenario	END	1614671799701
USER	Update User Scenario	END	1614671799701
REQUEST		get tuser request	1614671784176	1614671799703	OK	 
USER	Update User Scenario	END	1614671799705
REQUEST		get tuser request	1614671784541	1614671799747	OK	 
USER	Update User Scenario	END	1614671799747
REQUEST		get tuser request	1614671784497	1614671799762	OK	 
USER	Update User Scenario	END	1614671799764
REQUEST		get tuser request	1614671784438	1614671799766	OK	 
USER	Update User Scenario	END	1614671799766
REQUEST		get tuser request	1614671784285	1614671799770	OK	 
USER	Update User Scenario	END	1614671799771
REQUEST		get tuser request	1614671784569	1614671799819	OK	 
REQUEST		get tuser request	1614671784087	1614671799819	OK	 
USER	Update User Scenario	END	1614671799821
USER	Update User Scenario	END	1614671799821
REQUEST		get tuser request	1614671784368	1614671799850	OK	 
USER	Update User Scenario	END	1614671799852
REQUEST		get tuser request	1614671784571	1614671799855	OK	 
USER	Update User Scenario	END	1614671799857
REQUEST		get tuser request	1614671784315	1614671799859	OK	 
USER	Update User Scenario	END	1614671799862
REQUEST		get tuser request	1614671784368	1614671799869	OK	 
USER	Update User Scenario	END	1614671799870
REQUEST		get tuser request	1614671784534	1614671799874	OK	 
USER	Update User Scenario	END	1614671799875
REQUEST		get tuser request	1614671784062	1614671799890	OK	 
REQUEST		get tuser request	1614671784318	1614671799890	OK	 
USER	Update User Scenario	END	1614671799891
USER	Update User Scenario	END	1614671799891
REQUEST		get tuser request	1614671784582	1614671799898	OK	 
USER	Update User Scenario	END	1614671799898
REQUEST		get tuser request	1614671784434	1614671799973	OK	 
USER	Update User Scenario	END	1614671799974
REQUEST		get tuser request	1614671784331	1614671800062	OK	 
REQUEST		get tuser request	1614671784576	1614671800063	OK	 
USER	Update User Scenario	END	1614671800064
USER	Update User Scenario	END	1614671800065
REQUEST		get tuser request	1614671784329	1614671800072	OK	 
USER	Update User Scenario	END	1614671800074
REQUEST		get tuser request	1614671784351	1614671800134	OK	 
USER	Update User Scenario	END	1614671800135
REQUEST		get tuser request	1614671784078	1614671800150	OK	 
USER	Update User Scenario	END	1614671800152
REQUEST		get tuser request	1614671784345	1614671800200	OK	 
USER	Update User Scenario	END	1614671800200
REQUEST		get tuser request	1614671784179	1614671800202	OK	 
USER	Update User Scenario	END	1614671800203
REQUEST		get tuser request	1614671784466	1614671800207	OK	 
USER	Update User Scenario	END	1614671800207
REQUEST		get tuser request	1614671784035	1614671800224	OK	 
REQUEST		get tuser request	1614671784282	1614671800224	OK	 
REQUEST		get tuser request	1614671784573	1614671800224	OK	 
USER	Update User Scenario	END	1614671800225
USER	Update User Scenario	END	1614671800225
USER	Update User Scenario	END	1614671800225
REQUEST		get tuser request	1614671784557	1614671800381	OK	 
REQUEST		get tuser request	1614671784039	1614671800381	OK	 
USER	Update User Scenario	END	1614671800382
USER	Update User Scenario	END	1614671800382
REQUEST		get tuser request	1614671784567	1614671800383	OK	 
USER	Update User Scenario	END	1614671800384
REQUEST		get tuser request	1614671784195	1614671800431	OK	 
USER	Update User Scenario	END	1614671800432
REQUEST		get tuser request	1614671784064	1614671800453	OK	 
REQUEST		get tuser request	1614671784037	1614671800456	OK	 
USER	Update User Scenario	END	1614671800455
USER	Update User Scenario	END	1614671800458
REQUEST		get tuser request	1614671784377	1614671800569	OK	 
USER	Update User Scenario	END	1614671800570
REQUEST		get tuser request	1614671784380	1614671800631	OK	 
USER	Update User Scenario	END	1614671800632
REQUEST		get tuser request	1614671784051	1614671801014	OK	 
USER	Update User Scenario	END	1614671801016
REQUEST		get tuser request	1614671784035	1614671801097	OK	 
USER	Update User Scenario	END	1614671801098
REQUEST		get tuser request	1614671784054	1614671801107	OK	 
USER	Update User Scenario	END	1614671801108
REQUEST		get tuser request	1614671784066	1614671801166	OK	 
USER	Update User Scenario	END	1614671801168
REQUEST		get tuser request	1614671784014	1614671801181	OK	 
USER	Update User Scenario	END	1614671801183
REQUEST		get tuser request	1614671784049	1614671801184	OK	 
USER	Update User Scenario	END	1614671801185
REQUEST		get tuser request	1614671784055	1614671801186	OK	 
USER	Update User Scenario	END	1614671801187
REQUEST		get tuser request	1614671784081	1614671801191	OK	 
USER	Update User Scenario	END	1614671801192
REQUEST		get tuser request	1614671784046	1614671801238	OK	 
USER	Update User Scenario	END	1614671801239
REQUEST		get tuser request	1614671784122	1614671801281	OK	 
REQUEST		get tuser request	1614671784050	1614671801281	OK	 
USER	Update User Scenario	END	1614671801282
USER	Update User Scenario	END	1614671801282
REQUEST		get tuser request	1614671784073	1614671801451	KO	j.i.IOException: Premature close
REQUEST		get tuser request	1614671784204	1614671801486	KO	j.i.IOException: Premature close
REQUEST		get tuser request	1614671784059	1614671801451	KO	j.i.IOException: Premature close
REQUEST		get tuser request	1614671784083	1614671801506	KO	j.i.IOException: Premature close
REQUEST		get tuser request	1614671784208	1614671801506	KO	j.i.IOException: Premature close
REQUEST		get tuser request	1614671784136	1614671801506	KO	j.i.IOException: Premature close
REQUEST		get tuser request	1614671784025	1614671801507	KO	j.i.IOException: Premature close
REQUEST		get tuser request	1614671784198	1614671801508	KO	j.i.IOException: Premature close
USER	Update User Scenario	END	1614671801505
USER	Update User Scenario	END	1614671801505
USER	Update User Scenario	END	1614671801506
USER	Update User Scenario	END	1614671801506
USER	Update User Scenario	END	1614671801506
USER	Update User Scenario	END	1614671801507
USER	Update User Scenario	END	1614671801508
USER	Update User Scenario	END	1614671801508
REQUEST		get tuser request	1614671784205	1614671801525	KO	j.i.IOException: Premature close
USER	Update User Scenario	END	1614671801525
REQUEST		get tuser request	1614671784037	1614671801531	KO	j.i.IOException: Premature close
USER	Update User Scenario	END	1614671801531
REQUEST		get tuser request	1614671784258	1614671801536	KO	j.i.IOException: Premature close
USER	Update User Scenario	END	1614671801537
REQUEST		get tuser request	1614671784206	1614671801540	KO	j.i.IOException: Premature close
REQUEST		get tuser request	1614671784264	1614671801540	KO	j.i.IOException: Premature close
USER	Update User Scenario	END	1614671801546
USER	Update User Scenario	END	1614671801547
REQUEST		get tuser request	1614671784138	1614671801566	KO	j.i.IOException: Premature close
REQUEST		get tuser request	1614671784212	1614671801566	KO	j.i.IOException: Premature close
USER	Update User Scenario	END	1614671801567
USER	Update User Scenario	END	1614671801567
REQUEST		get tuser request	1614671784204	1614671801567	KO	j.i.IOException: Premature close
REQUEST		get tuser request	1614671784127	1614671801567	KO	j.i.IOException: Premature close
USER	Update User Scenario	END	1614671801568
USER	Update User Scenario	END	1614671801568
REQUEST		get tuser request	1614671784209	1614671801569	KO	j.i.IOException: Premature close
REQUEST		get tuser request	1614671784259	1614671801569	KO	j.i.IOException: Premature close
USER	Update User Scenario	END	1614671801569
USER	Update User Scenario	END	1614671801569
REQUEST		get tuser request	1614671784092	1614671801570	KO	j.i.IOException: Premature close
USER	Update User Scenario	END	1614671801571
REQUEST		get tuser request	1614671784382	1614671801572	KO	j.i.IOException: Premature close
REQUEST		get tuser request	1614671784354	1614671801573	KO	j.i.IOException: Premature close
USER	Update User Scenario	END	1614671801573
USER	Update User Scenario	END	1614671801573
REQUEST		get tuser request	1614671784472	1614671801574	KO	j.i.IOException: Premature close
REQUEST		get tuser request	1614671784451	1614671801574	KO	j.i.IOException: Premature close
USER	Update User Scenario	END	1614671801575
USER	Update User Scenario	END	1614671801575
REQUEST		get tuser request	1614671784323	1614671801575	KO	j.i.IOException: Premature close
USER	Update User Scenario	END	1614671801576
REQUEST		get tuser request	1614671784473	1614671801578	KO	j.i.IOException: Premature close
USER	Update User Scenario	END	1614671801579
REQUEST		get tuser request	1614671784168	1614671801583	KO	j.i.IOException: Premature close
USER	Update User Scenario	END	1614671801583
REQUEST		get tuser request	1614671784542	1614671801586	KO	j.i.IOException: Premature close
REQUEST		get tuser request	1614671784471	1614671801586	KO	j.i.IOException: Premature close
USER	Update User Scenario	END	1614671801586
USER	Update User Scenario	END	1614671801587
REQUEST		get tuser request	1614671784540	1614671801588	KO	j.i.IOException: Premature close
REQUEST		get tuser request	1614671784139	1614671801588	KO	j.i.IOException: Premature close
USER	Update User Scenario	END	1614671801588
USER	Update User Scenario	END	1614671801588
REQUEST		get tuser request	1614671784358	1614671801590	KO	j.i.IOException: Premature close
USER	Update User Scenario	END	1614671801590
REQUEST		get tuser request	1614671784121	1614671801592	OK	 
REQUEST		get tuser request	1614671784134	1614671801592	KO	j.i.IOException: Premature close
REQUEST		get tuser request	1614671779516	1614671801592	KO	j.i.IOException: Premature close
REQUEST		get tuser request	1614671784474	1614671801593	KO	j.i.IOException: Premature close
USER	Update User Scenario	END	1614671801593
USER	Update User Scenario	END	1614671801593
USER	Update User Scenario	END	1614671801593
USER	Update User Scenario	END	1614671801594
REQUEST		get tuser request	1614671784193	1614671801599	KO	j.i.IOException: Premature close
REQUEST		get tuser request	1614671784119	1614671801599	KO	j.i.IOException: Premature close
USER	Update User Scenario	END	1614671801600
USER	Update User Scenario	END	1614671801600
REQUEST		get tuser request	1614671784118	1614671801601	KO	j.i.IOException: Premature close
REQUEST		get tuser request	1614671784135	1614671801601	OK	 
REQUEST		get tuser request	1614671784196	1614671801601	KO	j.i.IOException: Premature close
USER	Update User Scenario	END	1614671801602
USER	Update User Scenario	END	1614671801602
USER	Update User Scenario	END	1614671801602
REQUEST		get tuser request	1614671784117	1614671801602	KO	j.i.IOException: Premature close
USER	Update User Scenario	END	1614671801603
REQUEST		get tuser request	1614671784140	1614671801603	KO	j.i.IOException: Premature close
USER	Update User Scenario	END	1614671801603
REQUEST		get tuser request	1614671784320	1614671801607	KO	j.i.IOException: Premature close
USER	Update User Scenario	END	1614671801608
REQUEST		get tuser request	1614671784114	1614671801609	KO	j.i.IOException: Premature close
USER	Update User Scenario	END	1614671801611
REQUEST		get tuser request	1614671784056	1614671801646	KO	j.i.IOException: Premature close
USER	Update User Scenario	END	1614671801647
REQUEST		get tuser request	1614671784137	1614671801647	KO	j.i.IOException: Premature close
REQUEST		get tuser request	1614671784061	1614671801647	KO	j.i.IOException: Premature close
USER	Update User Scenario	END	1614671801648
USER	Update User Scenario	END	1614671801648
REQUEST		get tuser request	1614671784087	1614671801648	KO	j.i.IOException: Premature close
REQUEST		get tuser request	1614671784114	1614671801649	KO	j.i.IOException: Premature close
USER	Update User Scenario	END	1614671801649
USER	Update User Scenario	END	1614671801649
REQUEST		get tuser request	1614671784236	1614671801658	KO	j.i.IOException: Premature close
USER	Update User Scenario	END	1614671801659
REQUEST		get tuser request	1614671784191	1614671801660	KO	j.i.IOException: Premature close
USER	Update User Scenario	END	1614671801661
REQUEST		get tuser request	1614671784136	1614671801662	KO	j.i.IOException: Premature close
USER	Update User Scenario	END	1614671801663
REQUEST		get tuser request	1614671784207	1614671801664	KO	j.i.IOException: Premature close
USER	Update User Scenario	END	1614671801664
REQUEST		get tuser request	1614671784239	1614671801665	OK	 
REQUEST		get tuser request	1614671784139	1614671801665	KO	j.i.IOException: Premature close
USER	Update User Scenario	END	1614671801665
USER	Update User Scenario	END	1614671801666
REQUEST		get tuser request	1614671784116	1614671801670	OK	 
USER	Update User Scenario	END	1614671801671
REQUEST		get tuser request	1614671784556	1614671801674	KO	j.i.IOException: Premature close
USER	Update User Scenario	END	1614671801674
REQUEST		get tuser request	1614671784575	1614671801675	KO	j.i.IOException: Premature close
USER	Update User Scenario	END	1614671801676
REQUEST		get tuser request	1614671784568	1614671801677	KO	j.i.IOException: Premature close
USER	Update User Scenario	END	1614671801678
REQUEST		get tuser request	1614671784548	1614671801684	KO	j.i.IOException: Premature close
USER	Update User Scenario	END	1614671801685
REQUEST		get tuser request	1614671784570	1614671801685	KO	j.i.IOException: Premature close
USER	Update User Scenario	END	1614671801686
REQUEST		get tuser request	1614671784079	1614671801686	OK	 
REQUEST		get tuser request	1614671784549	1614671801686	KO	j.i.IOException: Premature close
USER	Update User Scenario	END	1614671801687
USER	Update User Scenario	END	1614671801687
REQUEST		get tuser request	1614671784583	1614671801688	KO	j.i.IOException: Premature close
USER	Update User Scenario	END	1614671801688
REQUEST		get tuser request	1614671784093	1614671801700	KO	j.i.IOException: Premature close
USER	Update User Scenario	END	1614671801700
REQUEST		get tuser request	1614671784559	1614671801715	KO	j.i.IOException: Premature close
USER	Update User Scenario	END	1614671801715
REQUEST		get tuser request	1614671784558	1614671801716	KO	j.i.IOException: Premature close
USER	Update User Scenario	END	1614671801716
REQUEST		get tuser request	1614671784584	1614671801720	KO	j.i.IOException: Premature close
REQUEST		get tuser request	1614671784076	1614671801721	OK	 
USER	Update User Scenario	END	1614671801721
USER	Update User Scenario	END	1614671801721
REQUEST		get tuser request	1614671784558	1614671801722	KO	j.i.IOException: Premature close
USER	Update User Scenario	END	1614671801722
REQUEST		get tuser request	1614671784082	1614671801741	KO	j.i.IOException: Premature close
USER	Update User Scenario	END	1614671801741
REQUEST		get tuser request	1614671784129	1614671801742	KO	j.i.IOException: Premature close
USER	Update User Scenario	END	1614671801742
REQUEST		get tuser request	1614671784373	1614671801753	KO	j.i.IOException: Premature close
USER	Update User Scenario	END	1614671801754
REQUEST		get tuser request	1614671784181	1614671801755	KO	j.i.IOException: Premature close
USER	Update User Scenario	END	1614671801755
REQUEST		get tuser request	1614671784184	1614671801756	KO	j.i.IOException: Premature close
USER	Update User Scenario	END	1614671801757
REQUEST		get tuser request	1614671784094	1614671801757	KO	j.i.IOException: Premature close
USER	Update User Scenario	END	1614671801758
REQUEST		get tuser request	1614671784374	1614671801758	KO	j.i.IOException: Premature close
USER	Update User Scenario	END	1614671801759
REQUEST		get tuser request	1614671784076	1614671801759	KO	j.i.IOException: Premature close
USER	Update User Scenario	END	1614671801760
REQUEST		get tuser request	1614671784213	1614671801762	KO	j.i.IOException: Premature close
USER	Update User Scenario	END	1614671801762
REQUEST		get tuser request	1614671784142	1614671801763	KO	j.i.IOException: Premature close
REQUEST		get tuser request	1614671784183	1614671801763	KO	j.i.IOException: Premature close
USER	Update User Scenario	END	1614671801763
USER	Update User Scenario	END	1614671801764
REQUEST		get tuser request	1614671784470	1614671801766	KO	j.i.IOException: Premature close
USER	Update User Scenario	END	1614671801767
REQUEST		get tuser request	1614671784283	1614671801768	KO	j.i.IOException: Premature close
USER	Update User Scenario	END	1614671801769
REQUEST		get tuser request	1614671784293	1614671801780	KO	j.i.IOException: Premature close
REQUEST		get tuser request	1614671784371	1614671801780	KO	j.i.IOException: Premature close
USER	Update User Scenario	END	1614671801781
USER	Update User Scenario	END	1614671801781
REQUEST		get tuser request	1614671784454	1614671801782	KO	j.i.IOException: Premature close
REQUEST		get tuser request	1614671784381	1614671801782	KO	j.i.IOException: Premature close
USER	Update User Scenario	END	1614671801782
USER	Update User Scenario	END	1614671801782
REQUEST		get tuser request	1614671784136	1614671801786	KO	j.i.IOException: Premature close
USER	Update User Scenario	END	1614671801786
REQUEST		get tuser request	1614671784174	1614671801797	KO	j.i.IOException: Premature close
USER	Update User Scenario	END	1614671801797
REQUEST		get tuser request	1614671784198	1614671801828	KO	j.i.IOException: Premature close
USER	Update User Scenario	END	1614671801828
REQUEST		get tuser request	1614671784403	1614671801848	KO	j.i.IOException: Premature close
USER	Update User Scenario	END	1614671801848
REQUEST		get tuser request	1614671784148	1614671801849	KO	j.i.IOException: Premature close
USER	Update User Scenario	END	1614671801849
REQUEST		get tuser request	1614671784397	1614671801868	KO	j.i.IOException: Premature close
USER	Update User Scenario	END	1614671801869
REQUEST		get tuser request	1614671784275	1614671801873	KO	j.i.IOException: Premature close
USER	Update User Scenario	END	1614671801874
REQUEST		get tuser request	1614671784450	1614671801880	KO	j.i.IOException: Premature close
USER	Update User Scenario	END	1614671801881
REQUEST		get tuser request	1614671784444	1614671801882	KO	j.i.IOException: Premature close
USER	Update User Scenario	END	1614671801883
REQUEST		get tuser request	1614671784431	1614671801883	KO	j.i.IOException: Premature close
REQUEST		get tuser request	1614671784546	1614671801884	KO	j.i.IOException: Premature close
USER	Update User Scenario	END	1614671801884
USER	Update User Scenario	END	1614671801884
REQUEST		get tuser request	1614671784499	1614671801884	KO	j.i.IOException: Premature close
USER	Update User Scenario	END	1614671801884
REQUEST		get tuser request	1614671784380	1614671801886	KO	j.i.IOException: Premature close
USER	Update User Scenario	END	1614671801886
REQUEST		get tuser request	1614671784300	1614671801888	KO	j.i.IOException: Premature close
USER	Update User Scenario	END	1614671801888
REQUEST		get tuser request	1614671784426	1614671801903	KO	j.i.IOException: Premature close
USER	Update User Scenario	END	1614671801903
REQUEST		get tuser request	1614671784568	1614671801917	KO	j.i.IOException: Premature close
USER	Update User Scenario	END	1614671801918
