RUN	simulations.LoadSimulationWithFixedDuration	loadsimulationwithfixedduration	1615120079319	fixed	3.5.1
USER	Fixed Duration Load Simulation	START	1615120087658
USER	Fixed Duration Load Simulation	START	1615120087660
USER	Fixed Duration Load Simulation	START	1615120087658
USER	Fixed Duration Load Simulation	START	1615120087658
USER	Fixed Duration Load Simulation	START	1615120087658
USER	Fixed Duration Load Simulation	START	1615120087659
USER	Fixed Duration Load Simulation	START	1615120091262
USER	Fixed Duration Load Simulation	START	1615120087660
USER	Fixed Duration Load Simulation	START	1615120091276
USER	Fixed Duration Load Simulation	START	1615120091288
USER	Fixed Duration Load Simulation	START	1615120091274
USER	Fixed Duration Load Simulation	START	1615120091267
USER	Fixed Duration Load Simulation	START	1615120091300
USER	Fixed Duration Load Simulation	START	1615120091306
USER	Fixed Duration Load Simulation	START	1615120091426
USER	Fixed Duration Load Simulation	START	1615120091425
USER	Fixed Duration Load Simulation	START	1615120091446
USER	Fixed Duration Load Simulation	START	1615120091647
USER	Fixed Duration Load Simulation	START	1615120092148
USER	Fixed Duration Load Simulation	START	1615120092648
REQUEST		get all users request	1615120091426	1615120093112	OK	 
REQUEST		get all users request	1615120087759	1615120093029	OK	 
REQUEST		get all users request	1615120091427	1615120092976	OK	 
REQUEST		get all users request	1615120087755	1615120092995	OK	 
REQUEST		get all users request	1615120091263	1615120092988	OK	 
REQUEST		get all users request	1615120087757	1615120092984	OK	 
REQUEST		get all users request	1615120087756	1615120092974	OK	 
REQUEST		get all users request	1615120091290	1615120092997	OK	 
REQUEST		get all users request	1615120087755	1615120093145	OK	 
REQUEST		get all users request	1615120091277	1615120093150	OK	 
REQUEST		get all users request	1615120087757	1615120093152	OK	 
REQUEST		get all users request	1615120091307	1615120093160	OK	 
REQUEST		get all users request	1615120087755	1615120093174	OK	 
REQUEST		get all users request	1615120091301	1615120093181	OK	 
REQUEST		get all users request	1615120091267	1615120093181	OK	 
REQUEST		get all users request	1615120091446	1615120093188	OK	 
REQUEST		get all users request	1615120091274	1615120093264	OK	 
USER	Fixed Duration Load Simulation	START	1615120093648
REQUEST		get all users request	1615120093147	1615120093674	OK	 
REQUEST		get all users request	1615120093148	1615120093685	OK	 
REQUEST		get all users request	1615120093154	1615120093688	OK	 
REQUEST		get all users request	1615120093147	1615120093697	OK	 
REQUEST		get all users request	1615120093140	1615120093700	OK	 
REQUEST		get all users request	1615120093144	1615120093714	OK	 
REQUEST		get all users request	1615120093150	1615120093715	OK	 
REQUEST		get all users request	1615120093143	1615120093721	OK	 
REQUEST		get all users request	1615120093154	1615120093721	OK	 
REQUEST		get all users request	1615120093183	1615120093722	OK	 
REQUEST		get all users request	1615120093183	1615120093723	OK	 
REQUEST		get all users request	1615120093191	1615120093724	OK	 
REQUEST		get all users request	1615120093146	1615120093726	OK	 
REQUEST		get all users request	1615120093165	1615120093727	OK	 
REQUEST		get all users request	1615120093151	1615120093727	OK	 
REQUEST		get all users request	1615120093266	1615120093728	OK	 
REQUEST		get all users request	1615120093177	1615120093730	OK	 
REQUEST		get all users request	1615120091647	1615120093734	OK	 
REQUEST		get all users request	1615120092149	1615120093734	OK	 
USER	Fixed Duration Load Simulation	START	1615120094146
REQUEST		get all users request	1615120093735	1615120094625	OK	 
REQUEST		get all users request	1615120092649	1615120094628	OK	 
USER	Fixed Duration Load Simulation	START	1615120094648
REQUEST		get all users request	1615120093735	1615120094677	OK	 
USER	Fixed Duration Load Simulation	START	1615120095160
REQUEST		get all users request	1615120094630	1615120095404	OK	 
REQUEST		get all users request	1615120094146	1615120095419	OK	 
REQUEST		get all users request	1615120093648	1615120095432	OK	 
USER	Fixed Duration Load Simulation	START	1615120095661
REQUEST		get all users request	1615120095423	1615120095675	OK	 
REQUEST		get all users request	1615120095433	1615120095675	OK	 
REQUEST		get all users request	1615120094650	1615120095695	OK	 
REQUEST		get all users request	1615120095160	1615120095878	OK	 
REQUEST		get all users request	1615120095697	1615120095926	OK	 
REQUEST		get all users request	1615120095880	1615120096100	OK	 
REQUEST		get a users request	1615120095716	1615120096383	OK	 
REQUEST		get all users request	1615120095662	1615120096384	OK	 
REQUEST		get a users request	1615120095701	1615120096478	OK	 
REQUEST		get all users request	1615120096385	1615120096607	OK	 
REQUEST		get a users request	1615120095702	1615120096632	OK	 
USER	Fixed Duration Load Simulation	START	1615120096648
REQUEST		get a users request	1615120096632	1615120096998	OK	 
REQUEST		get a users request	1615120095723	1615120096998	OK	 
REQUEST		get a users request	1615120096688	1615120097003	OK	 
REQUEST		get a users request	1615120095723	1615120097003	OK	 
REQUEST		get a users request	1615120095709	1615120097006	OK	 
REQUEST		get a users request	1615120095733	1615120097010	OK	 
REQUEST		get a users request	1615120095734	1615120097010	OK	 
REQUEST		get a users request	1615120095705	1615120097013	OK	 
REQUEST		get a users request	1615120095732	1615120097014	OK	 
REQUEST		get a users request	1615120095732	1615120097015	OK	 
REQUEST		get a users request	1615120095702	1615120097018	OK	 
REQUEST		get a users request	1615120095732	1615120097018	OK	 
REQUEST		get a users request	1615120095731	1615120097022	OK	 
REQUEST		get a users request	1615120095731	1615120097023	OK	 
REQUEST		get a users request	1615120095727	1615120097028	OK	 
REQUEST		get a users request	1615120095731	1615120097031	OK	 
USER	Fixed Duration Load Simulation	START	1615120097151
REQUEST		get all users request	1615120096651	1615120097481	OK	 
USER	Fixed Duration Load Simulation	START	1615120097652
REQUEST		get a users request	1615120097412	1615120097662	OK	 
REQUEST		get all users request	1615120097482	1615120097707	OK	 
REQUEST		get a users request	1615120097689	1615120097935	OK	 
REQUEST		get all users request	1615120097152	1615120097961	OK	 
REQUEST		get a users request	1615120097689	1615120097973	OK	 
USER	Fixed Duration Load Simulation	START	1615120098151
REQUEST		get a users request	1615120097937	1615120098169	OK	 
REQUEST		get all users request	1615120097974	1615120098197	OK	 
REQUEST		get all users request	1615120097652	1615120098297	OK	 
REQUEST		get a users request	1615120098104	1615120098335	OK	 
REQUEST		get all users request	1615120098300	1615120098551	OK	 
USER	Fixed Duration Load Simulation	START	1615120098650
REQUEST		get all users request	1615120098152	1615120098818	OK	 
REQUEST		get a users request	1615120098622	1615120098844	OK	 
REQUEST		Add User Request	1615120098405	1615120098928	OK	 
REQUEST		Add User Request	1615120098642	1615120099016	OK	 
REQUEST		Add User Request	1615120098489	1615120099034	OK	 
REQUEST		get all users request	1615120098819	1615120099061	OK	 
REQUEST		get all users request	1615120098650	1615120099359	OK	 
REQUEST		Add User Request	1615120099023	1615120099408	OK	 
REQUEST		Add User Request	1615120098931	1615120099489	OK	 
REQUEST		Add User Request	1615120099008	1615120099556	OK	 
REQUEST		Add User Request	1615120099008	1615120099556	OK	 
REQUEST		Add User Request	1615120099019	1615120099558	OK	 
REQUEST		Add User Request	1615120099009	1615120099558	OK	 
REQUEST		Add User Request	1615120099021	1615120099558	OK	 
REQUEST		Add User Request	1615120099018	1615120099561	OK	 
REQUEST		Add User Request	1615120099008	1615120099561	OK	 
REQUEST		Add User Request	1615120099018	1615120099561	OK	 
REQUEST		Add User Request	1615120099017	1615120099566	OK	 
REQUEST		Add User Request	1615120099023	1615120099568	OK	 
REQUEST		Add User Request	1615120099020	1615120099570	OK	 
REQUEST		Add User Request	1615120099023	1615120099570	OK	 
REQUEST		Add User Request	1615120099031	1615120099582	OK	 
REQUEST		Add User Request	1615120099031	1615120099587	OK	 
REQUEST		get all users request	1615120099361	1615120099589	OK	 
REQUEST		Add User Request	1615120099037	1615120099591	OK	 
REQUEST		Add User Request	1615120099031	1615120099596	OK	 
REQUEST		Add User Request	1615120099035	1615120099604	OK	 
USER	Fixed Duration Load Simulation	START	1615120099646
REQUEST		Add User Request	1615120099409	1615120099799	OK	 
REQUEST		get a users request	1615120099714	1615120099955	OK	 
REQUEST		Add User Request	1615120099557	1615120099959	OK	 
REQUEST		Add User Request	1615120099559	1615120100002	OK	 
REQUEST		Add User Request	1615120099571	1615120100003	OK	 
REQUEST		Add User Request	1615120099588	1615120100006	OK	 
REQUEST		Add User Request	1615120099598	1615120100020	OK	 
REQUEST		Add User Request	1615120099557	1615120100106	OK	 
REQUEST		Add User Request	1615120099559	1615120100112	OK	 
REQUEST		Add User Request	1615120099562	1615120100140	OK	 
REQUEST		Add User Request	1615120099559	1615120100140	OK	 
USER	Fixed Duration Load Simulation	START	1615120100150
REQUEST		Add User Request	1615120099562	1615120100162	OK	 
REQUEST		Add User Request	1615120099568	1615120100162	OK	 
REQUEST		Add User Request	1615120099584	1615120100166	OK	 
REQUEST		Add User Request	1615120099569	1615120100166	OK	 
REQUEST		Add User Request	1615120099571	1615120100167	OK	 
REQUEST		Add User Request	1615120099593	1615120100170	OK	 
REQUEST		Add User Request	1615120099670	1615120100194	OK	 
REQUEST		Add User Request	1615120099984	1615120100407	OK	 
REQUEST		get a users request	1615120100205	1615120100426	OK	 
REQUEST		get all users request	1615120099648	1615120100438	OK	 
REQUEST		Add User Request	1615120099942	1615120100498	OK	 
REQUEST		Add User Request	1615120100196	1615120100585	OK	 
REQUEST		Add User Request	1615120100173	1615120100585	OK	 
USER	Fixed Duration Load Simulation	START	1615120100651
REQUEST		get all users request	1615120100440	1615120100659	OK	 
REQUEST		get a users request	1615120100562	1615120100837	OK	 
REQUEST		Add User Request	1615120100343	1615120100958	OK	 
REQUEST		Add User Request	1615120100409	1615120100963	OK	 
REQUEST		get all users request	1615120100151	1615120100963	OK	 
REQUEST		Add User Request	1615120100586	1615120100998	OK	 
REQUEST		Add User Request	1615120100500	1615120101062	OK	 
USER	Fixed Duration Load Simulation	START	1615120101145
REQUEST		get all users request	1615120100964	1615120101217	OK	 
REQUEST		Add User Request	1615120100849	1615120101267	OK	 
REQUEST		get a users request	1615120101065	1615120101301	OK	 
REQUEST		get all users request	1615120100651	1615120101419	OK	 
REQUEST		Add User Request	1615120100959	1615120101543	OK	 
REQUEST		get all users request	1615120101420	1615120101646	OK	 
USER	Fixed Duration Load Simulation	START	1615120101648
REQUEST		Add User Request	1615120101269	1615120101915	OK	 
REQUEST		get a users request	1615120101591	1615120101922	OK	 
REQUEST		get all users request	1615120101145	1615120101969	OK	 
REQUEST		get all users request	1615120101971	1615120102220	OK	 
REQUEST		get all users request	1615120101648	1615120102452	OK	 
REQUEST		Add User Request	1615120101972	1615120102508	OK	 
USER	Fixed Duration Load Simulation	START	1615120102652
REQUEST		get all users request	1615120102453	1615120102673	OK	 
REQUEST		Add User Request	1615120102431	1615120102798	OK	 
REQUEST		get a users request	1615120102667	1615120102902	OK	 
REQUEST		Add User Request	1615120102509	1615120103046	OK	 
USER	Fixed Duration Load Simulation	START	1615120103147
REQUEST		Add User Request	1615120102845	1615120103236	OK	 
REQUEST		Add User Request	1615120102799	1615120103319	OK	 
REQUEST		get all users request	1615120102653	1615120103369	OK	 
REQUEST		get a users request	1615120103228	1615120103453	OK	 
REQUEST		get all users request	1615120103370	1615120103593	OK	 
REQUEST		Add User Request	1615120103237	1615120103608	OK	 
USER	Fixed Duration Load Simulation	START	1615120103647
REQUEST		get all users request	1615120103147	1615120103810	OK	 
REQUEST		Add User Request	1615120103312	1615120103838	OK	 
REQUEST		get a users request	1615120103655	1615120103884	OK	 
REQUEST		Add User Request	1615120103575	1615120103956	OK	 
REQUEST		get all users request	1615120103813	1615120104038	OK	 
REQUEST		Add User Request	1615120103505	1615120104046	OK	 
USER	Fixed Duration Load Simulation	START	1615120104148
REQUEST		Add User Request	1615120103623	1615120104226	OK	 
REQUEST		Add User Request	1615120103839	1615120104227	OK	 
REQUEST		Add User Request	1615120103819	1615120104361	OK	 
REQUEST		Add User Request	1615120103957	1615120104361	OK	 
REQUEST		get all users request	1615120103648	1615120104365	OK	 
REQUEST		get a users request	1615120104224	1615120104448	OK	 
REQUEST		Add User Request	1615120104021	1615120104449	OK	 
REQUEST		Add User Request	1615120103928	1615120104483	OK	 
REQUEST		Add User Request	1615120103979	1615120104513	OK	 
REQUEST		Add User Request	1615120104132	1615120104516	OK	 
REQUEST		Add User Request	1615120104164	1615120104533	OK	 
REQUEST		Add User Request	1615120104181	1615120104576	OK	 
REQUEST		Add User Request	1615120104181	1615120104578	OK	 
REQUEST		Add User Request	1615120104181	1615120104592	OK	 
REQUEST		Add User Request	1615120104021	1615120104645	OK	 
USER	Fixed Duration Load Simulation	START	1615120104652
REQUEST		Add User Request	1615120104181	1615120104656	OK	 
REQUEST		Add User Request	1615120104021	1615120104656	OK	 
REQUEST		Add User Request	1615120104037	1615120104662	OK	 
REQUEST		get all users request	1615120104367	1615120104664	OK	 
REQUEST		Add User Request	1615120104047	1615120104664	OK	 
REQUEST		Add User Request	1615120104132	1615120104717	OK	 
REQUEST		Add User Request	1615120104183	1615120104755	OK	 
REQUEST		Add User Request	1615120104183	1615120104755	OK	 
REQUEST		Add User Request	1615120104164	1615120104755	OK	 
REQUEST		Add User Request	1615120104362	1615120104765	OK	 
REQUEST		Add User Request	1615120104227	1615120104817	OK	 
REQUEST		Add User Request	1615120104451	1615120104837	OK	 
REQUEST		Add User Request	1615120104484	1615120104866	OK	 
REQUEST		Add User Request	1615120104514	1615120104939	OK	 
REQUEST		get a users request	1615120104675	1615120104939	OK	 
REQUEST		Add User Request	1615120104517	1615120104950	OK	 
REQUEST		get all users request	1615120104149	1615120104993	OK	 
REQUEST		Add User Request	1615120104593	1615120104997	OK	 
REQUEST		Add User Request	1615120104579	1615120104997	OK	 
REQUEST		Add User Request	1615120104602	1615120104997	OK	 
REQUEST		Add User Request	1615120104646	1615120105044	OK	 
REQUEST		Add User Request	1615120104657	1615120105045	OK	 
REQUEST		Add User Request	1615120104663	1615120105049	OK	 
REQUEST		Add User Request	1615120104656	1615120105048	OK	 
REQUEST		Add User Request	1615120104534	1615120105102	OK	 
REQUEST		Add User Request	1615120104718	1615120105142	OK	 
REQUEST		Add User Request	1615120104578	1615120105144	OK	 
REQUEST		Add User Request	1615120104756	1615120105144	OK	 
REQUEST		Add User Request	1615120104757	1615120105147	OK	 
REQUEST		Add User Request	1615120104756	1615120105170	OK	 
REQUEST		get all users request	1615120104995	1615120105257	OK	 
REQUEST		Add User Request	1615120104909	1615120105289	OK	 
REQUEST		Add User Request	1615120104970	1615120105358	OK	 
REQUEST		get all users request	1615120104652	1615120105360	OK	 
REQUEST		Add User Request	1615120105072	1615120105466	OK	 
REQUEST		Add User Request	1615120105010	1615120105546	OK	 
REQUEST		Add User Request	1615120104999	1615120105548	OK	 
REQUEST		get all users request	1615120105361	1615120105590	OK	 
USER	Fixed Duration Load Simulation	START	1615120105646
REQUEST		Add User Request	1615120105290	1615120105672	OK	 
REQUEST		Add User Request	1615120105359	1615120105731	OK	 
REQUEST		get a users request	1615120105598	1615120105854	OK	 
REQUEST		Add User Request	1615120105457	1615120105860	OK	 
REQUEST		Add User Request	1615120105466	1615120105878	OK	 
REQUEST		Add User Request	1615120105558	1615120105930	OK	 
REQUEST		Add User Request	1615120105546	1615120105934	OK	 
USER	Fixed Duration Load Simulation	START	1615120106148
REQUEST		Add User Request	1615120105861	1615120106254	OK	 
REQUEST		get a users request	1615120106041	1615120106269	OK	 
REQUEST		Add User Request	1615120105891	1615120106280	OK	 
REQUEST		Add User Request	1615120105924	1615120106312	OK	 
REQUEST		Add User Request	1615120105930	1615120106328	OK	 
REQUEST		get all users request	1615120105646	1615120106360	OK	 
REQUEST		get all users request	1615120106362	1615120106594	OK	 
USER	Fixed Duration Load Simulation	START	1615120106655
REQUEST		Add User Request	1615120106281	1615120106665	OK	 
REQUEST		Add User Request	1615120106313	1615120106693	OK	 
REQUEST		Add User Request	1615120106453	1615120106838	OK	 
REQUEST		get all users request	1615120106148	1615120106866	OK	 
REQUEST		get a users request	1615120106665	1615120106904	OK	 
REQUEST		get all users request	1615120106867	1615120107131	OK	 
USER	Fixed Duration Load Simulation	START	1615120107150
REQUEST		Add User Request	1615120106838	1615120107224	OK	 
REQUEST		get all users request	1615120106655	1615120107374	OK	 
REQUEST		Add User Request	1615120107061	1615120107453	OK	 
REQUEST		get a users request	1615120107264	1615120107492	OK	 
REQUEST		Add User Request	1615120106946	1615120107501	OK	 
REQUEST		get all users request	1615120107375	1615120107616	OK	 
USER	Fixed Duration Load Simulation	START	1615120107650
REQUEST		Add User Request	1615120107339	1615120107713	OK	 
REQUEST		get a users request	1615120107596	1615120107852	OK	 
REQUEST		Add User Request	1615120107453	1615120107851	OK	 
REQUEST		get all users request	1615120107150	1615120107862	OK	 
REQUEST		Add User Request	1615120107502	1615120107874	OK	 
REQUEST		Add User Request	1615120107618	1615120107988	OK	 
REQUEST		get all users request	1615120107863	1615120108164	OK	 
REQUEST		Add User Request	1615120107714	1615120108168	OK	 
REQUEST		Add User Request	1615120107858	1615120108247	OK	 
REQUEST		Add User Request	1615120107990	1615120108361	OK	 
REQUEST		get all users request	1615120107650	1615120108401	OK	 
REQUEST		Add User Request	1615120108243	1615120108621	OK	 
REQUEST		Add User Request	1615120108247	1615120108644	OK	 
REQUEST		get all users request	1615120108402	1615120108650	OK	 
USER	Fixed Duration Load Simulation	START	1615120108651
REQUEST		Add User Request	1615120108281	1615120108697	OK	 
REQUEST		Add User Request	1615120108369	1615120108835	OK	 
REQUEST		get a users request	1615120108601	1615120108884	OK	 
REQUEST		Add User Request	1615120108622	1615120109012	OK	 
REQUEST		Add User Request	1615120108698	1615120109099	OK	 
USER	Fixed Duration Load Simulation	START	1615120109150
REQUEST		Add User Request	1615120108827	1615120109211	OK	 
REQUEST		Add User Request	1615120108683	1615120109211	OK	 
REQUEST		Add User Request	1615120108780	1615120109212	OK	 
REQUEST		Add User Request	1615120108835	1615120109212	OK	 
REQUEST		Add User Request	1615120108851	1615120109269	OK	 
REQUEST		Add User Request	1615120108884	1615120109306	OK	 
REQUEST		Add User Request	1615120108948	1615120109349	OK	 
REQUEST		get a users request	1615120109134	1615120109361	OK	 
REQUEST		get all users request	1615120108651	1615120109392	OK	 
REQUEST		Add User Request	1615120109008	1615120109398	OK	 
REQUEST		Add User Request	1615120109008	1615120109402	OK	 
REQUEST		Add User Request	1615120109055	1615120109430	OK	 
REQUEST		Add User Request	1615120109055	1615120109450	OK	 
REQUEST		Add User Request	1615120109055	1615120109450	OK	 
REQUEST		Add User Request	1615120109055	1615120109450	OK	 
REQUEST		Add User Request	1615120108909	1615120109454	OK	 
REQUEST		Add User Request	1615120108966	1615120109498	OK	 
REQUEST		Add User Request	1615120109118	1615120109500	OK	 
REQUEST		Add User Request	1615120109150	1615120109515	OK	 
REQUEST		Add User Request	1615120109154	1615120109526	OK	 
REQUEST		Add User Request	1615120109157	1615120109547	OK	 
REQUEST		Add User Request	1615120109181	1615120109568	OK	 
REQUEST		Add User Request	1615120109213	1615120109585	OK	 
REQUEST		Add User Request	1615120109212	1615120109585	OK	 
REQUEST		Add User Request	1615120109212	1615120109587	OK	 
REQUEST		get all users request	1615120109395	1615120109635	OK	 
USER	Fixed Duration Load Simulation	START	1615120109645
REQUEST		Add User Request	1615120109269	1615120109655	OK	 
REQUEST		Add User Request	1615120109157	1615120109685	OK	 
REQUEST		Add User Request	1615120109307	1615120109703	OK	 
REQUEST		Add User Request	1615120109350	1615120109735	OK	 
REQUEST		Add User Request	1615120109399	1615120109787	OK	 
REQUEST		Add User Request	1615120109402	1615120109796	OK	 
REQUEST		get all users request	1615120109150	1615120109815	OK	 
REQUEST		Add User Request	1615120109451	1615120109846	OK	 
REQUEST		get a users request	1615120109621	1615120109846	OK	 
REQUEST		Add User Request	1615120109498	1615120109884	OK	 
REQUEST		Add User Request	1615120109498	1615120109886	OK	 
REQUEST		Add User Request	1615120109516	1615120109897	OK	 
REQUEST		Add User Request	1615120109527	1615120109931	OK	 
REQUEST		Add User Request	1615120109568	1615120109952	OK	 
REQUEST		Add User Request	1615120109579	1615120110036	OK	 
REQUEST		Add User Request	1615120109451	1615120110056	OK	 
REQUEST		Add User Request	1615120109430	1615120110056	OK	 
REQUEST		Add User Request	1615120109451	1615120110060	OK	 
REQUEST		get all users request	1615120109816	1615120110061	OK	 
REQUEST		Add User Request	1615120109455	1615120110061	OK	 
REQUEST		Add User Request	1615120109501	1615120110064	OK	 
REQUEST		Add User Request	1615120109686	1615120110145	OK	 
REQUEST		Add User Request	1615120109687	1615120110147	OK	 
USER	Fixed Duration Load Simulation	START	1615120110148
REQUEST		Add User Request	1615120109547	1615120110154	OK	 
REQUEST		Add User Request	1615120109749	1615120110184	OK	 
REQUEST		Add User Request	1615120109858	1615120110281	OK	 
REQUEST		Add User Request	1615120109885	1615120110294	OK	 
REQUEST		Add User Request	1615120109897	1615120110352	OK	 
REQUEST		Add User Request	1615120109941	1615120110359	OK	 
REQUEST		Add User Request	1615120110036	1615120110469	OK	 
REQUEST		get a users request	1615120110165	1615120110470	OK	 
REQUEST		get all users request	1615120109645	1615120110489	OK	 
REQUEST		Add User Request	1615120110148	1615120110552	OK	 
REQUEST		Add User Request	1615120110184	1615120110599	OK	 
USER	Fixed Duration Load Simulation	START	1615120110651
REQUEST		Add User Request	1615120110261	1615120110738	OK	 
REQUEST		get all users request	1615120110492	1615120110745	OK	 
REQUEST		Add User Request	1615120110354	1615120110750	OK	 
REQUEST		Add User Request	1615120110343	1615120110763	OK	 
REQUEST		Add User Request	1615120110282	1615120110765	OK	 
REQUEST		Add User Request	1615120110360	1615120110808	OK	 
REQUEST		get a users request	1615120110660	1615120110936	OK	 
REQUEST		Add User Request	1615120110676	1615120111069	OK	 
REQUEST		get all users request	1615120110148	1615120111083	OK	 
REQUEST		Add User Request	1615120110739	1615120111118	OK	 
REQUEST		Add User Request	1615120110706	1615120111166	OK	 
REQUEST		Add User Request	1615120110764	1615120111213	OK	 
REQUEST		Add User Request	1615120110886	1615120111301	OK	 
REQUEST		get all users request	1615120111084	1615120111302	OK	 
REQUEST		get all users request	1615120110651	1615120111451	OK	 
REQUEST		Add User Request	1615120111070	1615120111469	OK	 
REQUEST		Add User Request	1615120111166	1615120111560	OK	 
REQUEST		Add User Request	1615120111231	1615120111602	OK	 
USER	Fixed Duration Load Simulation	START	1615120111647
REQUEST		get all users request	1615120111451	1615120111681	OK	 
REQUEST		Add User Request	1615120111301	1615120111686	OK	 
REQUEST		Add User Request	1615120111366	1615120111755	OK	 
REQUEST		get a users request	1615120111637	1615120111884	OK	 
REQUEST		Add User Request	1615120111603	1615120111993	OK	 
USER	Fixed Duration Load Simulation	START	1615120112146
REQUEST		Add User Request	1615120111756	1615120112154	OK	 
REQUEST		Add User Request	1615120111857	1615120112252	OK	 
REQUEST		Add User Request	1615120111865	1615120112253	OK	 
REQUEST		Add User Request	1615120111882	1615120112254	OK	 
REQUEST		get a users request	1615120112066	1615120112364	OK	 
REQUEST		get all users request	1615120111647	1615120112383	OK	 
REQUEST		Add User Request	1615120112178	1615120112570	OK	 
USER	Fixed Duration Load Simulation	START	1615120112647
REQUEST		get all users request	1615120112384	1615120112650	OK	 
REQUEST		Add User Request	1615120112253	1615120112698	OK	 
REQUEST		Add User Request	1615120112370	1615120112782	OK	 
REQUEST		Add User Request	1615120112253	1615120112784	OK	 
REQUEST		Add User Request	1615120112254	1615120112785	OK	 
REQUEST		Add User Request	1615120112476	1615120112877	OK	 
REQUEST		get all users request	1615120112147	1615120112937	OK	 
REQUEST		Add User Request	1615120112571	1615120112947	OK	 
REQUEST		get a users request	1615120112748	1615120112971	OK	 
REQUEST		Add User Request	1615120112657	1615120113042	OK	 
USER	Fixed Duration Load Simulation	START	1615120113149
REQUEST		get all users request	1615120112938	1615120113161	OK	 
REQUEST		Add User Request	1615120112782	1615120113172	OK	 
REQUEST		Add User Request	1615120112877	1615120113253	OK	 
REQUEST		get all users request	1615120112647	1615120113307	OK	 
REQUEST		Add User Request	1615120113021	1615120113392	OK	 
REQUEST		Add User Request	1615120113043	1615120113416	OK	 
REQUEST		Add User Request	1615120112939	1615120113466	OK	 
REQUEST		Add User Request	1615120113109	1615120113494	OK	 
REQUEST		get all users request	1615120113309	1615120113538	OK	 
REQUEST		get a users request	1615120113307	1615120113538	OK	 
REQUEST		Add User Request	1615120113221	1615120113617	OK	 
USER	Fixed Duration Load Simulation	START	1615120113651
REQUEST		Add User Request	1615120113394	1615120113788	OK	 
REQUEST		get all users request	1615120113149	1615120113834	OK	 
REQUEST		Add User Request	1615120113467	1615120113896	OK	 
REQUEST		Add User Request	1615120113495	1615120113897	OK	 
REQUEST		get a users request	1615120113682	1615120113910	OK	 
REQUEST		Add User Request	1615120113595	1615120113954	OK	 
REQUEST		Add User Request	1615120113603	1615120113984	OK	 
REQUEST		Add User Request	1615120113603	1615120113985	OK	 
REQUEST		Add User Request	1615120113617	1615120113997	OK	 
REQUEST		Add User Request	1615120113667	1615120114065	OK	 
REQUEST		Add User Request	1615120113719	1615120114094	OK	 
REQUEST		get all users request	1615120113835	1615120114110	OK	 
REQUEST		Add User Request	1615120113750	1615120114129	OK	 
REQUEST		Add User Request	1615120113799	1615120114165	OK	 
REQUEST		Add User Request	1615120113814	1615120114193	OK	 
REQUEST		Add User Request	1615120113863	1615120114250	OK	 
REQUEST		Add User Request	1615120113887	1615120114292	OK	 
REQUEST		Add User Request	1615120113944	1615120114330	OK	 
REQUEST		Add User Request	1615120113955	1615120114346	OK	 
REQUEST		get all users request	1615120113651	1615120114346	OK	 
REQUEST		Add User Request	1615120113961	1615120114351	OK	 
REQUEST		Add User Request	1615120113985	1615120114357	OK	 
REQUEST		Add User Request	1615120113986	1615120114361	OK	 
REQUEST		Add User Request	1615120113903	1615120114429	OK	 
REQUEST		Add User Request	1615120113895	1615120114430	OK	 
REQUEST		Add User Request	1615120114072	1615120114454	OK	 
REQUEST		Add User Request	1615120114066	1615120114454	OK	 
REQUEST		Add User Request	1615120114072	1615120114457	OK	 
REQUEST		Add User Request	1615120114080	1615120114460	OK	 
REQUEST		Add User Request	1615120114066	1615120114461	OK	 
REQUEST		Add User Request	1615120114095	1615120114464	OK	 
REQUEST		Add User Request	1615120114130	1615120114499	OK	 
REQUEST		Add User Request	1615120114166	1615120114547	OK	 
REQUEST		Add User Request	1615120114169	1615120114547	OK	 
REQUEST		get all users request	1615120114347	1615120114563	OK	 
REQUEST		Add User Request	1615120114193	1615120114576	OK	 
REQUEST		Add User Request	1615120114072	1615120114609	OK	 
REQUEST		Add User Request	1615120114251	1615120114631	OK	 
USER	Fixed Duration Load Simulation	START	1615120114657
REQUEST		Add User Request	1615120114292	1615120114675	OK	 
REQUEST		Add User Request	1615120114306	1615120114681	OK	 
REQUEST		Add User Request	1615120114153	1615120114686	OK	 
REQUEST		Add User Request	1615120114331	1615120114705	OK	 
REQUEST		Add User Request	1615120114351	1615120114722	OK	 
REQUEST		Add User Request	1615120114371	1615120114747	OK	 
REQUEST		Add User Request	1615120114430	1615120114810	OK	 
REQUEST		Add User Request	1615120114430	1615120114811	OK	 
REQUEST		Add User Request	1615120114455	1615120114822	OK	 
REQUEST		Add User Request	1615120114458	1615120114845	OK	 
REQUEST		Add User Request	1615120114462	1615120114846	OK	 
REQUEST		Add User Request	1615120114460	1615120114846	OK	 
REQUEST		Add User Request	1615120114486	1615120114870	OK	 
REQUEST		get a users request	1615120114657	1615120114888	OK	 
REQUEST		Add User Request	1615120114547	1615120114930	OK	 
REQUEST		Add User Request	1615120114562	1615120114937	OK	 
REQUEST		Add User Request	1615120114618	1615120114996	OK	 
REQUEST		Add User Request	1615120114610	1615120115007	OK	 
REQUEST		Add User Request	1615120114687	1615120115053	OK	 
REQUEST		Add User Request	1615120114747	1615120115130	OK	 
REQUEST		Add User Request	1615120114759	1615120115142	OK	 
USER	Fixed Duration Load Simulation	START	1615120115151
REQUEST		Add User Request	1615120114781	1615120115183	OK	 
REQUEST		Add User Request	1615120114814	1615120115199	OK	 
REQUEST		Add User Request	1615120114682	1615120115205	OK	 
REQUEST		Add User Request	1615120114870	1615120115257	OK	 
REQUEST		Add User Request	1615120114938	1615120115311	OK	 
REQUEST		get all users request	1615120114657	1615120115315	OK	 
REQUEST		Add User Request	1615120114976	1615120115362	OK	 
REQUEST		Add User Request	1615120114996	1615120115371	OK	 
REQUEST		get a users request	1615120115166	1615120115396	OK	 
REQUEST		Add User Request	1615120115127	1615120115509	OK	 
REQUEST		Add User Request	1615120115143	1615120115527	OK	 
REQUEST		Add User Request	1615120115183	1615120115547	OK	 
REQUEST		get all users request	1615120115315	1615120115563	OK	 
REQUEST		Add User Request	1615120115199	1615120115585	OK	 
REQUEST		Add User Request	1615120115223	1615120115610	OK	 
USER	Fixed Duration Load Simulation	START	1615120115650
REQUEST		Add User Request	1615120115363	1615120115738	OK	 
REQUEST		get a users request	1615120115546	1615120115779	OK	 
REQUEST		get all users request	1615120115152	1615120115800	OK	 
REQUEST		Add User Request	1615120115477	1615120115882	OK	 
REQUEST		Add User Request	1615120115510	1615120115895	OK	 
REQUEST		Add User Request	1615120115546	1615120115933	OK	 
REQUEST		Add User Request	1615120115610	1615120115997	OK	 
REQUEST		get all users request	1615120115801	1615120116015	OK	 
REQUEST		Add User Request	1615120115695	1615120116085	OK	 
REQUEST		Add User Request	1615120115571	1615120116097	OK	 
USER	Fixed Duration Load Simulation	START	1615120116152
REQUEST		Add User Request	1615120115882	1615120116265	OK	 
REQUEST		Add User Request	1615120115919	1615120116301	OK	 
REQUEST		Add User Request	1615120115933	1615120116320	OK	 
REQUEST		get a users request	1615120116111	1615120116348	OK	 
REQUEST		get all users request	1615120115650	1615120116348	OK	 
REQUEST		Add User Request	1615120115998	1615120116379	OK	 
REQUEST		Add User Request	1615120116085	1615120116465	OK	 
REQUEST		Add User Request	1615120116098	1615120116467	OK	 
REQUEST		Add User Request	1615120116168	1615120116560	OK	 
REQUEST		get all users request	1615120116349	1615120116567	OK	 
USER	Fixed Duration Load Simulation	START	1615120116649
REQUEST		Add User Request	1615120116302	1615120116685	OK	 
REQUEST		Add User Request	1615120116380	1615120116770	OK	 
REQUEST		get a users request	1615120116566	1615120116796	OK	 
REQUEST		get all users request	1615120116152	1615120116820	OK	 
REQUEST		Add User Request	1615120116561	1615120116998	OK	 
REQUEST		get all users request	1615120116821	1615120117047	OK	 
REQUEST		Add User Request	1615120116708	1615120117087	OK	 
REQUEST		Add User Request	1615120116798	1615120117205	OK	 
REQUEST		Add User Request	1615120116896	1615120117295	OK	 
REQUEST		get all users request	1615120116649	1615120117328	OK	 
REQUEST		Add User Request	1615120116958	1615120117331	OK	 
REQUEST		Add User Request	1615120116798	1615120117355	OK	 
REQUEST		Add User Request	1615120117087	1615120117451	OK	 
REQUEST		get all users request	1615120117329	1615120117559	OK	 
REQUEST		Add User Request	1615120117189	1615120117567	OK	 
REQUEST		Add User Request	1615120117206	1615120117593	OK	 
REQUEST		Add User Request	1615120117270	1615120117645	OK	 
REQUEST		Add User Request	1615120117331	1615120117710	OK	 
REQUEST		Add User Request	1615120117356	1615120117746	OK	 
REQUEST		Add User Request	1615120117400	1615120117815	OK	 
REQUEST		get a users request	1615120117567	1615120117819	OK	 
REQUEST		Add User Request	1615120117431	1615120117831	OK	 
REQUEST		Add User Request	1615120117295	1615120117841	OK	 
REQUEST		Add User Request	1615120117568	1615120117942	OK	 
REQUEST		Add User Request	1615120117645	1615120118089	OK	 
REQUEST		Add User Request	1615120117789	1615120118172	OK	 
REQUEST		Add User Request	1615120117797	1615120118176	OK	 
REQUEST		Add User Request	1615120117816	1615120118207	OK	 
REQUEST		Add User Request	1615120117831	1615120118217	OK	 
REQUEST		Add User Request	1615120117908	1615120118299	OK	 
REQUEST		get a users request	1615120118027	1615120118319	OK	 
REQUEST		Add User Request	1615120118014	1615120118404	OK	 
REQUEST		Add User Request	1615120117911	1615120118446	OK	 
REQUEST		Add User Request	1615120118173	1615120118539	OK	 
REQUEST		Add User Request	1615120118177	1615120118550	OK	 
REQUEST		Add User Request	1615120118299	1615120118696	OK	 
REQUEST		Add User Request	1615120118356	1615120118747	OK	 
REQUEST		Add User Request	1615120118356	1615120118748	OK	 
REQUEST		Add User Request	1615120118368	1615120118752	OK	 
REQUEST		Add User Request	1615120118376	1615120118760	OK	 
REQUEST		Add User Request	1615120118404	1615120118787	OK	 
REQUEST		get a users request	1615120118568	1615120118787	OK	 
REQUEST		Add User Request	1615120118447	1615120118846	OK	 
REQUEST		Add User Request	1615120118466	1615120118852	OK	 
REQUEST		Add User Request	1615120118474	1615120118860	OK	 
REQUEST		Add User Request	1615120118509	1615120118888	OK	 
REQUEST		Add User Request	1615120118558	1615120118944	OK	 
REQUEST		Add User Request	1615120118584	1615120118987	OK	 
REQUEST		Add User Request	1615120118645	1615120119031	OK	 
REQUEST		Add User Request	1615120118686	1615120119084	OK	 
REQUEST		Add User Request	1615120118709	1615120119101	OK	 
REQUEST		Add User Request	1615120118725	1615120119104	OK	 
REQUEST		Add User Request	1615120118747	1615120119131	OK	 
REQUEST		Add User Request	1615120118761	1615120119135	OK	 
REQUEST		Add User Request	1615120118752	1615120119135	OK	 
REQUEST		Add User Request	1615120118749	1615120119144	OK	 
REQUEST		Add User Request	1615120118830	1615120119218	OK	 
REQUEST		Add User Request	1615120118822	1615120119219	OK	 
REQUEST		Add User Request	1615120118822	1615120119219	OK	 
REQUEST		Add User Request	1615120118854	1615120119243	OK	 
REQUEST		Add User Request	1615120118852	1615120119244	OK	 
REQUEST		Add User Request	1615120118854	1615120119244	OK	 
REQUEST		Add User Request	1615120118853	1615120119245	OK	 
REQUEST		Add User Request	1615120118861	1615120119262	OK	 
REQUEST		Add User Request	1615120118889	1615120119277	OK	 
REQUEST		get a users request	1615120119055	1615120119287	OK	 
REQUEST		Add User Request	1615120118945	1615120119345	OK	 
REQUEST		Add User Request	1615120118805	1615120119346	OK	 
REQUEST		Add User Request	1615120118988	1615120119376	OK	 
REQUEST		Add User Request	1615120119032	1615120119418	OK	 
REQUEST		Add User Request	1615120119021	1615120119418	OK	 
REQUEST		Add User Request	1615120119063	1615120119437	OK	 
REQUEST		Add User Request	1615120119085	1615120119478	OK	 
REQUEST		Add User Request	1615120118938	1615120119479	OK	 
REQUEST		Add User Request	1615120119102	1615120119480	OK	 
REQUEST		Add User Request	1615120119105	1615120119500	OK	 
REQUEST		Add User Request	1615120119146	1615120119529	OK	 
REQUEST		Add User Request	1615120119220	1615120119631	OK	 
REQUEST		Add User Request	1615120119218	1615120119635	OK	 
REQUEST		Add User Request	1615120119222	1615120119639	OK	 
REQUEST		Add User Request	1615120119220	1615120119639	OK	 
REQUEST		Add User Request	1615120119245	1615120119643	OK	 
REQUEST		Add User Request	1615120119243	1615120119648	OK	 
REQUEST		Add User Request	1615120119246	1615120119652	OK	 
REQUEST		Add User Request	1615120119275	1615120119655	OK	 
REQUEST		Add User Request	1615120119323	1615120119707	OK	 
REQUEST		Add User Request	1615120119347	1615120119765	OK	 
REQUEST		Add User Request	1615120119381	1615120119770	OK	 
REQUEST		get a users request	1615120119567	1615120119798	OK	 
REQUEST		Add User Request	1615120119419	1615120119802	OK	 
REQUEST		Add User Request	1615120119437	1615120119840	OK	 
REQUEST		Add User Request	1615120119479	1615120119866	OK	 
REQUEST		Add User Request	1615120119529	1615120119946	OK	 
REQUEST		Add User Request	1615120119540	1615120119947	OK	 
REQUEST		Add User Request	1615120119559	1615120119948	OK	 
REQUEST		Add User Request	1615120119640	1615120120036	OK	 
REQUEST		Add User Request	1615120119617	1615120120041	OK	 
REQUEST		Add User Request	1615120119656	1615120120042	OK	 
REQUEST		Add User Request	1615120119708	1615120120114	OK	 
REQUEST		Add User Request	1615120119823	1615120120200	OK	 
REQUEST		Add User Request	1615120119745	1615120120282	OK	 
REQUEST		Add User Request	1615120119906	1615120120300	OK	 
REQUEST		Add User Request	1615120119770	1615120120328	OK	 
REQUEST		Add User Request	1615120119948	1615120120334	OK	 
REQUEST		Add User Request	1615120119947	1615120120343	OK	 
REQUEST		Add User Request	1615120120003	1615120120385	OK	 
REQUEST		Add User Request	1615120120042	1615120120421	OK	 
REQUEST		Add User Request	1615120120200	1615120120583	OK	 
REQUEST		Add User Request	1615120120282	1615120120649	OK	 
REQUEST		Add User Request	1615120120300	1615120120669	OK	 
REQUEST		Add User Request	1615120120289	1615120120671	OK	 
REQUEST		Add User Request	1615120120337	1615120120710	OK	 
REQUEST		Add User Request	1615120120385	1615120120749	OK	 
REQUEST		Add User Request	1615120120320	1615120120852	OK	 
REQUEST		Add User Request	1615120120481	1615120120860	OK	 
REQUEST		Add User Request	1615120120480	1615120120864	OK	 
REQUEST		Add User Request	1615120120671	1615120121064	OK	 
REQUEST		Add User Request	1615120120710	1615120121082	OK	 
REQUEST		Add User Request	1615120120701	1615120121085	OK	 
REQUEST		Add User Request	1615120120775	1615120121145	OK	 
REQUEST		Add User Request	1615120120790	1615120121165	OK	 
REQUEST		Add User Request	1615120120853	1615120121232	OK	 
REQUEST		Add User Request	1615120120860	1615120121237	OK	 
REQUEST		Add User Request	1615120120864	1615120121248	OK	 
REQUEST		Add User Request	1615120121007	1615120121397	OK	 
REQUEST		Add User Request	1615120121086	1615120121525	OK	 
REQUEST		Add User Request	1615120121145	1615120121561	OK	 
REQUEST		Add User Request	1615120121166	1615120121571	OK	 
REQUEST		Add User Request	1615120121290	1615120121714	OK	 
REQUEST		Add User Request	1615120121398	1615120121766	OK	 
REQUEST		Add User Request	1615120121461	1615120121837	OK	 
REQUEST		Add User Request	1615120121621	1615120122016	OK	 
REQUEST		Add User Request	1615120121758	1615120122169	OK	 
REQUEST		Add User Request	1615120121715	1615120122169	OK	 
REQUEST		Add User Request	1615120121800	1615120122208	OK	 
REQUEST		Add User Request	1615120121837	1615120122267	OK	 
REQUEST		Add User Request	1615120121715	1615120122268	OK	 
REQUEST		Add User Request	1615120121849	1615120122269	OK	 
REQUEST		Add User Request	1615120121953	1615120122339	OK	 
REQUEST		Add User Request	1615120122016	1615120122425	OK	 
REQUEST		Add User Request	1615120122101	1615120122536	OK	 
REQUEST		Add User Request	1615120122169	1615120122575	OK	 
REQUEST		Add User Request	1615120122209	1615120122612	OK	 
REQUEST		Add User Request	1615120122224	1615120122612	OK	 
REQUEST		Add User Request	1615120122232	1615120122653	OK	 
REQUEST		Add User Request	1615120122268	1615120122658	OK	 
REQUEST		Add User Request	1615120122269	1615120122659	OK	 
REQUEST		Add User Request	1615120122340	1615120122865	OK	 
REQUEST		Add User Request	1615120122551	1615120122935	OK	 
REQUEST		Add User Request	1615120122536	1615120122935	OK	 
REQUEST		Add User Request	1615120122559	1615120122951	OK	 
REQUEST		Add User Request	1615120122613	1615120123013	OK	 
REQUEST		Add User Request	1615120122653	1615120123042	OK	 
REQUEST		Add User Request	1615120122704	1615120123094	OK	 
REQUEST		Add User Request	1615120122801	1615120123218	OK	 
REQUEST		Add User Request	1615120122861	1615120123296	OK	 
REQUEST		Add User Request	1615120122935	1615120123342	OK	 
REQUEST		Add User Request	1615120122951	1615120123343	OK	 
REQUEST		Add User Request	1615120123094	1615120123524	OK	 
REQUEST		Add User Request	1615120123141	1615120123563	OK	 
REQUEST		Add User Request	1615120123140	1615120123601	OK	 
REQUEST		Add User Request	1615120123140	1615120123602	OK	 
REQUEST		Add User Request	1615120123156	1615120123619	OK	 
REQUEST		Add User Request	1615120123218	1615120123706	OK	 
REQUEST		Add User Request	1615120123257	1615120123709	OK	 
REQUEST		Add User Request	1615120123282	1615120123709	OK	 
REQUEST		Add User Request	1615120123265	1615120123710	OK	 
REQUEST		Add User Request	1615120123297	1615120123710	OK	 
REQUEST		Add User Request	1615120123359	1615120123773	OK	 
REQUEST		Add User Request	1615120123383	1615120123825	OK	 
REQUEST		Add User Request	1615120123431	1615120123825	OK	 
REQUEST		Add User Request	1615120123489	1615120123864	OK	 
REQUEST		Add User Request	1615120123489	1615120123898	OK	 
REQUEST		Add User Request	1615120123505	1615120123907	OK	 
REQUEST		Add User Request	1615120123603	1615120124010	OK	 
REQUEST		Add User Request	1615120123564	1615120124010	OK	 
REQUEST		Add User Request	1615120123601	1615120124010	OK	 
REQUEST		Add User Request	1615120123619	1615120124028	OK	 
REQUEST		Add User Request	1615120123649	1615120124064	OK	 
REQUEST		Add User Request	1615120123649	1615120124065	OK	 
REQUEST		Add User Request	1615120123657	1615120124065	OK	 
REQUEST		Add User Request	1615120123665	1615120124066	OK	 
REQUEST		Add User Request	1615120123658	1615120124066	OK	 
REQUEST		Add User Request	1615120123649	1615120124067	OK	 
REQUEST		Add User Request	1615120123709	1615120124067	OK	 
REQUEST		Add User Request	1615120123709	1615120124082	OK	 
REQUEST		Add User Request	1615120123710	1615120124102	OK	 
REQUEST		Add User Request	1615120123776	1615120124171	OK	 
REQUEST		Add User Request	1615120123774	1615120124180	OK	 
REQUEST		Add User Request	1615120123826	1615120124249	OK	 
REQUEST		Add User Request	1615120123821	1615120124250	OK	 
REQUEST		Add User Request	1615120123826	1615120124250	OK	 
REQUEST		Add User Request	1615120123851	1615120124259	OK	 
REQUEST		Add User Request	1615120123865	1615120124271	OK	 
REQUEST		Add User Request	1615120123898	1615120124273	OK	 
REQUEST		Add User Request	1615120123908	1615120124281	OK	 
REQUEST		Add User Request	1615120123875	1615120124281	OK	 
REQUEST		Add User Request	1615120123957	1615120124375	OK	 
REQUEST		Add User Request	1615120124050	1615120124466	OK	 
REQUEST		Add User Request	1615120124065	1615120124467	OK	 
REQUEST		Add User Request	1615120124050	1615120124467	OK	 
REQUEST		Add User Request	1615120124064	1615120124467	OK	 
REQUEST		Add User Request	1615120124065	1615120124468	OK	 
REQUEST		Add User Request	1615120124066	1615120124468	OK	 
REQUEST		Add User Request	1615120124066	1615120124479	OK	 
REQUEST		Add User Request	1615120124067	1615120124511	OK	 
REQUEST		Add User Request	1615120124131	1615120124513	OK	 
REQUEST		Add User Request	1615120124172	1615120124558	OK	 
REQUEST		Add User Request	1615120124250	1615120124630	OK	 
REQUEST		Add User Request	1615120124259	1615120124634	OK	 
REQUEST		Add User Request	1615120124341	1615120124801	OK	 
REQUEST		Add User Request	1615120124282	1615120124801	OK	 
REQUEST		Add User Request	1615120124341	1615120124802	OK	 
REQUEST		Add User Request	1615120124351	1615120124802	OK	 
REQUEST		Add User Request	1615120124375	1615120124827	OK	 
REQUEST		Add User Request	1615120124433	1615120124833	OK	 
REQUEST		Add User Request	1615120124466	1615120124874	OK	 
REQUEST		Add User Request	1615120124467	1615120124874	OK	 
REQUEST		Add User Request	1615120124514	1615120124916	OK	 
REQUEST		Add User Request	1615120124601	1615120124982	OK	 
REQUEST		Add User Request	1615120124661	1615120125031	OK	 
REQUEST		Add User Request	1615120124681	1615120125059	OK	 
REQUEST		Add User Request	1615120124756	1615120125129	OK	 
REQUEST		Add User Request	1615120124801	1615120125171	OK	 
REQUEST		Add User Request	1615120124802	1615120125175	OK	 
REQUEST		Add User Request	1615120124803	1615120125185	OK	 
REQUEST		Add User Request	1615120124833	1615120125217	OK	 
REQUEST		Add User Request	1615120124982	1615120125349	OK	 
REQUEST		Add User Request	1615120125032	1615120125416	OK	 
REQUEST		Add User Request	1615120125059	1615120125440	OK	 
REQUEST		Add User Request	1615120125080	1615120125479	OK	 
REQUEST		Add User Request	1615120125097	1615120125485	OK	 
REQUEST		Add User Request	1615120125130	1615120125509	OK	 
REQUEST		Add User Request	1615120125246	1615120125642	OK	 
REQUEST		Add User Request	1615120125247	1615120125655	OK	 
REQUEST		Add User Request	1615120125262	1615120125657	OK	 
REQUEST		Add User Request	1615120125485	1615120125872	OK	 
REQUEST		Add User Request	1615120125479	1615120125875	OK	 
REQUEST		Add User Request	1615120125530	1615120125914	OK	 
REQUEST		Add User Request	1615120125571	1615120125939	OK	 
REQUEST		Add User Request	1615120125581	1615120125984	OK	 
REQUEST		Add User Request	1615120125643	1615120126024	OK	 
REQUEST		Add User Request	1615120125658	1615120126042	OK	 
REQUEST		Add User Request	1615120125656	1615120126042	OK	 
REQUEST		Add User Request	1615120125782	1615120126180	OK	 
REQUEST		Add User Request	1615120125914	1615120126291	OK	 
REQUEST		Add User Request	1615120125940	1615120126308	OK	 
REQUEST		Add User Request	1615120125984	1615120126363	OK	 
REQUEST		Add User Request	1615120126178	1615120126557	OK	 
REQUEST		Add User Request	1615120126180	1615120126575	OK	 
REQUEST		Add User Request	1615120126281	1615120126660	OK	 
REQUEST		Add User Request	1615120126436	1615120126814	OK	 
REQUEST		Add User Request	1615120126558	1615120126950	OK	 
REQUEST		Add User Request	1615120126589	1615120126977	OK	 
REQUEST		Add User Request	1615120126631	1615120127014	OK	 
REQUEST		Add User Request	1615120126660	1615120127035	OK	 
REQUEST		Add User Request	1615120126671	1615120127041	OK	 
REQUEST		Add User Request	1615120126670	1615120127043	OK	 
REQUEST		Add User Request	1615120126814	1615120127195	OK	 
REQUEST		Add User Request	1615120126876	1615120127259	OK	 
REQUEST		Add User Request	1615120126949	1615120127330	OK	 
REQUEST		Add User Request	1615120126977	1615120127362	OK	 
REQUEST		Add User Request	1615120127014	1615120127400	OK	 
REQUEST		Add User Request	1615120127018	1615120127405	OK	 
REQUEST		Add User Request	1615120127042	1615120127425	OK	 
REQUEST		Add User Request	1615120127044	1615120127440	OK	 
REQUEST		Add User Request	1615120127051	1615120127587	OK	 
REQUEST		Add User Request	1615120127260	1615120127640	OK	 
REQUEST		Add User Request	1615120127330	1615120127700	OK	 
REQUEST		Add User Request	1615120127356	1615120127747	OK	 
REQUEST		Add User Request	1615120127356	1615120127759	OK	 
REQUEST		Add User Request	1615120127405	1615120127794	OK	 
REQUEST		Add User Request	1615120127539	1615120127934	OK	 
REQUEST		Add User Request	1615120127587	1615120127975	OK	 
REQUEST		Add User Request	1615120127715	1615120128105	OK	 
REQUEST		Add User Request	1615120127724	1615120128115	OK	 
REQUEST		Add User Request	1615120127747	1615120128116	OK	 
REQUEST		Add User Request	1615120127759	1615120128127	OK	 
REQUEST		Add User Request	1615120127935	1615120128432	OK	 
REQUEST		Add User Request	1615120128021	1615120128517	OK	 
REQUEST		Add User Request	1615120128031	1615120128520	OK	 
REQUEST		Add User Request	1615120128031	1615120128520	OK	 
REQUEST		Add User Request	1615120128031	1615120128520	OK	 
REQUEST		Add User Request	1615120128079	1615120128725	OK	 
REQUEST		Add User Request	1615120128105	1615120128727	OK	 
REQUEST		Add User Request	1615120128097	1615120128727	OK	 
REQUEST		Add User Request	1615120128115	1615120128785	OK	 
REQUEST		Add User Request	1615120128113	1615120128789	OK	 
REQUEST		Add User Request	1615120128197	1615120128825	OK	 
REQUEST		Add User Request	1615120128261	1615120128826	OK	 
REQUEST		Add User Request	1615120128289	1615120128826	OK	 
REQUEST		Add User Request	1615120128261	1615120128826	OK	 
REQUEST		Add User Request	1615120128289	1615120128826	OK	 
REQUEST		Add User Request	1615120128297	1615120128828	OK	 
REQUEST		Add User Request	1615120128471	1615120128878	OK	 
REQUEST		Add User Request	1615120128489	1615120128887	OK	 
REQUEST		Add User Request	1615120128471	1615120128887	OK	 
REQUEST		Add User Request	1615120128518	1615120128887	OK	 
REQUEST		Add User Request	1615120128489	1615120128889	OK	 
REQUEST		Add User Request	1615120128520	1615120128899	OK	 
REQUEST		Add User Request	1615120128517	1615120128899	OK	 
REQUEST		Add User Request	1615120128520	1615120128900	OK	 
REQUEST		Add User Request	1615120128501	1615120128900	OK	 
REQUEST		Add User Request	1615120128521	1615120128900	OK	 
REQUEST		Add User Request	1615120128574	1615120129011	OK	 
REQUEST		Add User Request	1615120128650	1615120129112	OK	 
REQUEST		Add User Request	1615120128639	1615120129112	OK	 
REQUEST		Add User Request	1615120128726	1615120129169	OK	 
REQUEST		Add User Request	1615120128727	1615120129194	OK	 
REQUEST		Add User Request	1615120128791	1615120129329	OK	 
REQUEST		Add User Request	1615120128811	1615120129380	OK	 
REQUEST		Add User Request	1615120128826	1615120129381	OK	 
REQUEST		Add User Request	1615120128825	1615120129382	OK	 
REQUEST		Add User Request	1615120128826	1615120129384	OK	 
REQUEST		Add User Request	1615120128826	1615120129385	OK	 
REQUEST		Add User Request	1615120128826	1615120129385	OK	 
REQUEST		Add User Request	1615120128828	1615120129386	OK	 
REQUEST		Add User Request	1615120128837	1615120129386	OK	 
REQUEST		Add User Request	1615120128878	1615120129424	OK	 
REQUEST		Add User Request	1615120128878	1615120129426	OK	 
REQUEST		Add User Request	1615120128888	1615120129426	OK	 
REQUEST		Add User Request	1615120128886	1615120129426	OK	 
REQUEST		Add User Request	1615120128900	1615120129427	OK	 
REQUEST		Add User Request	1615120128887	1615120129427	OK	 
REQUEST		Add User Request	1615120128901	1615120129428	OK	 
REQUEST		Add User Request	1615120128919	1615120129431	OK	 
REQUEST		Add User Request	1615120128889	1615120129432	OK	 
REQUEST		Add User Request	1615120129011	1615120129500	OK	 
REQUEST		Add User Request	1615120129112	1615120129540	OK	 
REQUEST		Add User Request	1615120129112	1615120129542	OK	 
REQUEST		Add User Request	1615120129186	1615120129630	OK	 
REQUEST		Add User Request	1615120129186	1615120129635	OK	 
REQUEST		Add User Request	1615120129193	1615120129696	OK	 
REQUEST		Add User Request	1615120129225	1615120129831	OK	 
REQUEST		Add User Request	1615120129387	1615120129947	OK	 
REQUEST		Add User Request	1615120129380	1615120129947	OK	 
REQUEST		Add User Request	1615120129357	1615120129947	OK	 
REQUEST		Add User Request	1615120129425	1615120129948	OK	 
REQUEST		Add User Request	1615120129431	1615120129974	OK	 
REQUEST		Add User Request	1615120129429	1615120129975	OK	 
REQUEST		Add User Request	1615120129426	1615120129975	OK	 
REQUEST		Add User Request	1615120129450	1615120129975	OK	 
REQUEST		Add User Request	1615120129524	1615120129977	OK	 
REQUEST		Add User Request	1615120129631	1615120130125	OK	 
REQUEST		Add User Request	1615120129635	1615120130132	OK	 
REQUEST		Add User Request	1615120129696	1615120130243	OK	 
REQUEST		Add User Request	1615120129831	1615120130305	OK	 
REQUEST		Add User Request	1615120129882	1615120130341	OK	 
REQUEST		Add User Request	1615120129883	1615120130342	OK	 
REQUEST		Add User Request	1615120129948	1615120130433	OK	 
REQUEST		Add User Request	1615120129978	1615120130523	OK	 
REQUEST		Add User Request	1615120129975	1615120130525	OK	 
REQUEST		Add User Request	1615120129976	1615120130525	OK	 
REQUEST		Add User Request	1615120130040	1615120130570	OK	 
REQUEST		Add User Request	1615120130059	1615120130628	OK	 
REQUEST		Add User Request	1615120130059	1615120130629	OK	 
REQUEST		Add User Request	1615120130302	1615120130765	OK	 
REQUEST		Add User Request	1615120130341	1615120130766	OK	 
REQUEST		Add User Request	1615120130318	1615120130766	OK	 
REQUEST		Add User Request	1615120130342	1615120130804	OK	 
REQUEST		Add User Request	1615120130378	1615120130927	OK	 
REQUEST		Add User Request	1615120130570	1615120131028	OK	 
REQUEST		Add User Request	1615120130588	1615120131151	OK	 
REQUEST		Add User Request	1615120130628	1615120131153	OK	 
REQUEST		Add User Request	1615120130629	1615120131153	OK	 
REQUEST		Add User Request	1615120130766	1615120131282	OK	 
REQUEST		Add User Request	1615120130765	1615120131284	OK	 
REQUEST		Add User Request	1615120130927	1615120131460	OK	 
REQUEST		Add User Request	1615120130969	1615120131461	OK	 
REQUEST		Add User Request	1615120131049	1615120131476	OK	 
REQUEST		Add User Request	1615120131152	1615120131545	OK	 
REQUEST		Add User Request	1615120131205	1615120131687	OK	 
REQUEST		Add User Request	1615120131371	1615120131800	OK	 
REQUEST		Add User Request	1615120131406	1615120131838	OK	 
REQUEST		Add User Request	1615120131457	1615120131842	OK	 
REQUEST		Add User Request	1615120131432	1615120131843	OK	 
REQUEST		Add User Request	1615120131461	1615120131844	OK	 
REQUEST		Add User Request	1615120131476	1615120131861	OK	 
REQUEST		Add User Request	1615120131646	1615120132067	OK	 
REQUEST		Add User Request	1615120131687	1615120132159	OK	 
REQUEST		Add User Request	1615120131705	1615120132165	OK	 
REQUEST		Add User Request	1615120131800	1615120132211	OK	 
REQUEST		Add User Request	1615120131806	1615120132214	OK	 
REQUEST		Add User Request	1615120131839	1615120132235	OK	 
REQUEST		Add User Request	1615120131843	1615120132236	OK	 
REQUEST		Add User Request	1615120131842	1615120132237	OK	 
REQUEST		Add User Request	1615120131980	1615120132364	OK	 
REQUEST		Add User Request	1615120132067	1615120132456	OK	 
REQUEST		Add User Request	1615120132131	1615120132515	OK	 
REQUEST		Add User Request	1615120132131	1615120132515	OK	 
REQUEST		Add User Request	1615120132165	1615120132539	OK	 
REQUEST		Add User Request	1615120132214	1615120132591	OK	 
REQUEST		Add User Request	1615120132364	1615120132736	OK	 
REQUEST		Add User Request	1615120132446	1615120132836	OK	 
REQUEST		Add User Request	1615120132515	1615120132887	OK	 
REQUEST		Add User Request	1615120132516	1615120132894	OK	 
REQUEST		Add User Request	1615120132737	1615120133109	OK	 
REQUEST		Add User Request	1615120132797	1615120133183	OK	 
REQUEST		Add User Request	1615120132837	1615120133222	OK	 
REQUEST		Add User Request	1615120132911	1615120133313	OK	 
REQUEST		Add User Request	1615120132902	1615120133313	OK	 
REQUEST		Add User Request	1615120132911	1615120133315	OK	 
REQUEST		Add User Request	1615120132911	1615120133315	OK	 
REQUEST		Add User Request	1615120133110	1615120133490	OK	 
REQUEST		Add User Request	1615120133174	1615120133552	OK	 
REQUEST		Add User Request	1615120133198	1615120133567	OK	 
REQUEST		Add User Request	1615120133184	1615120133567	OK	 
REQUEST		Add User Request	1615120133313	1615120133698	OK	 
REQUEST		Add User Request	1615120133313	1615120133699	OK	 
REQUEST		Add User Request	1615120133315	1615120133703	OK	 
REQUEST		Add User Request	1615120133315	1615120133707	OK	 
REQUEST		Add User Request	1615120133342	1615120133711	OK	 
REQUEST		Add User Request	1615120133389	1615120133792	OK	 
REQUEST		Add User Request	1615120133389	1615120133792	OK	 
REQUEST		Add User Request	1615120133390	1615120133792	OK	 
REQUEST		Add User Request	1615120133389	1615120133793	OK	 
REQUEST		Add User Request	1615120133390	1615120133804	OK	 
REQUEST		Add User Request	1615120133397	1615120133804	OK	 
REQUEST		Add User Request	1615120133439	1615120133823	OK	 
REQUEST		Add User Request	1615120133440	1615120133825	OK	 
REQUEST		Add User Request	1615120133440	1615120133831	OK	 
REQUEST		Add User Request	1615120133439	1615120133840	OK	 
REQUEST		Add User Request	1615120133441	1615120133840	OK	 
REQUEST		Add User Request	1615120133447	1615120133861	OK	 
REQUEST		Add User Request	1615120133513	1615120133890	OK	 
REQUEST		Add User Request	1615120133552	1615120133931	OK	 
REQUEST		Add User Request	1615120133554	1615120133949	OK	 
REQUEST		Add User Request	1615120133555	1615120133954	OK	 
REQUEST		Add User Request	1615120133567	1615120133968	OK	 
REQUEST		Add User Request	1615120133711	1615120134108	OK	 
REQUEST		Add User Request	1615120133792	1615120134177	OK	 
REQUEST		Add User Request	1615120133793	1615120134180	OK	 
REQUEST		Add User Request	1615120133793	1615120134182	OK	 
REQUEST		Add User Request	1615120133824	1615120134190	OK	 
REQUEST		Add User Request	1615120133805	1615120134191	OK	 
REQUEST		Add User Request	1615120133826	1615120134202	OK	 
REQUEST		Add User Request	1615120133840	1615120134202	OK	 
REQUEST		Add User Request	1615120133831	1615120134202	OK	 
REQUEST		Add User Request	1615120133841	1615120134222	OK	 
REQUEST		Add User Request	1615120133862	1615120134249	OK	 
REQUEST		Add User Request	1615120133793	1615120134330	OK	 
REQUEST		Add User Request	1615120133805	1615120134345	OK	 
REQUEST		Add User Request	1615120133950	1615120134346	OK	 
REQUEST		Add User Request	1615120133956	1615120134358	OK	 
REQUEST		Add User Request	1615120133955	1615120134360	OK	 
REQUEST		Add User Request	1615120133964	1615120134365	OK	 
REQUEST		Add User Request	1615120133956	1615120134368	OK	 
REQUEST		Add User Request	1615120133989	1615120134375	OK	 
REQUEST		Add User Request	1615120133989	1615120134378	OK	 
REQUEST		Add User Request	1615120133891	1615120134425	OK	 
REQUEST		Add User Request	1615120134136	1615120134524	OK	 
REQUEST		Add User Request	1615120134144	1615120134525	OK	 
REQUEST		Add User Request	1615120134254	1615120134655	OK	 
REQUEST		Add User Request	1615120134318	1615120134702	OK	 
REQUEST		Add User Request	1615120134358	1615120134729	OK	 
REQUEST		Add User Request	1615120134365	1615120134739	OK	 
REQUEST		Add User Request	1615120134368	1615120134750	OK	 
REQUEST		Add User Request	1615120134375	1615120134750	OK	 
REQUEST		Add User Request	1615120134441	1615120134809	OK	 
REQUEST		Add User Request	1615120134524	1615120134909	OK	 
REQUEST		Add User Request	1615120134534	1615120134910	OK	 
REQUEST		Add User Request	1615120134525	1615120134910	OK	 
REQUEST		Add User Request	1615120134535	1615120134910	OK	 
REQUEST		Add User Request	1615120134379	1615120134910	OK	 
REQUEST		Add User Request	1615120134535	1615120134911	OK	 
REQUEST		Add User Request	1615120134655	1615120135059	OK	 
REQUEST		Add User Request	1615120134702	1615120135085	OK	 
REQUEST		Add User Request	1615120134778	1615120135161	OK	 
REQUEST		Add User Request	1615120134809	1615120135190	OK	 
REQUEST		Add User Request	1615120134810	1615120135199	OK	 
REQUEST		Add User Request	1615120134910	1615120135299	OK	 
REQUEST		Add User Request	1615120134911	1615120135299	OK	 
REQUEST		Add User Request	1615120134911	1615120135305	OK	 
REQUEST		Add User Request	1615120135031	1615120135421	OK	 
REQUEST		Add User Request	1615120135160	1615120135526	OK	 
REQUEST		Add User Request	1615120135162	1615120135548	OK	 
REQUEST		Add User Request	1615120135161	1615120135549	OK	 
REQUEST		Add User Request	1615120135200	1615120135584	OK	 
REQUEST		Add User Request	1615120135290	1615120135679	OK	 
REQUEST		Add User Request	1615120135291	1615120135683	OK	 
REQUEST		Add User Request	1615120135421	1615120135806	OK	 
REQUEST		Add User Request	1615120135471	1615120135857	OK	 
REQUEST		Add User Request	1615120135526	1615120135908	OK	 
REQUEST		Add User Request	1615120135549	1615120135925	OK	 
REQUEST		Add User Request	1615120135551	1615120135933	OK	 
REQUEST		Add User Request	1615120135679	1615120136064	OK	 
REQUEST		Add User Request	1615120135683	1615120136065	OK	 
REQUEST		Add User Request	1615120135849	1615120136233	OK	 
REQUEST		Add User Request	1615120135857	1615120136233	OK	 
REQUEST		Add User Request	1615120135870	1615120136238	OK	 
REQUEST		Add User Request	1615120135934	1615120136310	OK	 
REQUEST		Add User Request	1615120136175	1615120136553	OK	 
REQUEST		Add User Request	1615120136218	1615120136596	OK	 
REQUEST		Add User Request	1615120136233	1615120136598	OK	 
REQUEST		Add User Request	1615120136240	1615120136606	OK	 
REQUEST		Add User Request	1615120136239	1615120136608	OK	 
REQUEST		Add User Request	1615120136241	1615120136621	OK	 
REQUEST		Add User Request	1615120136249	1615120136635	OK	 
REQUEST		Add User Request	1615120136463	1615120136839	OK	 
REQUEST		Add User Request	1615120136553	1615120136928	OK	 
REQUEST		Add User Request	1615120136549	1615120136930	OK	 
REQUEST		Add User Request	1615120136606	1615120136987	OK	 
REQUEST		Add User Request	1615120136597	1615120136988	OK	 
REQUEST		Add User Request	1615120136622	1615120137001	OK	 
REQUEST		Add User Request	1615120136606	1615120137001	OK	 
REQUEST		Add User Request	1615120136636	1615120137019	OK	 
REQUEST		Add User Request	1615120136739	1615120137130	OK	 
REQUEST		Add User Request	1615120136839	1615120137218	OK	 
REQUEST		Add User Request	1615120136898	1615120137276	OK	 
REQUEST		Add User Request	1615120136906	1615120137279	OK	 
REQUEST		Add User Request	1615120136930	1615120137318	OK	 
REQUEST		Add User Request	1615120137001	1615120137389	OK	 
REQUEST		Add User Request	1615120137130	1615120137513	OK	 
REQUEST		Add User Request	1615120137231	1615120137636	OK	 
REQUEST		Add User Request	1615120137279	1615120137652	OK	 
REQUEST		Add User Request	1615120137277	1615120137653	OK	 
REQUEST		Add User Request	1615120137502	1615120137881	OK	 
REQUEST		Add User Request	1615120137580	1615120137961	OK	 
REQUEST		Add User Request	1615120137636	1615120138010	OK	 
REQUEST		Add User Request	1615120137708	1615120138090	OK	 
REQUEST		Add User Request	1615120137708	1615120138090	OK	 
REQUEST		Add User Request	1615120137708	1615120138093	OK	 
REQUEST		Add User Request	1615120137716	1615120138099	OK	 
REQUEST		Add User Request	1615120137881	1615120138307	OK	 
REQUEST		Add User Request	1615120137937	1615120138344	OK	 
REQUEST		Add User Request	1615120137962	1615120138385	OK	 
REQUEST		Add User Request	1615120137979	1615120138387	OK	 
REQUEST		Add User Request	1615120138090	1615120138470	OK	 
REQUEST		Add User Request	1615120138090	1615120138470	OK	 
REQUEST		Add User Request	1615120138093	1615120138502	OK	 
REQUEST		Add User Request	1615120138100	1615120138503	OK	 
REQUEST		Add User Request	1615120138112	1615120138503	OK	 
REQUEST		Add User Request	1615120138190	1615120138586	OK	 
REQUEST		Add User Request	1615120138206	1615120138602	OK	 
REQUEST		Add User Request	1615120138190	1615120138602	OK	 
REQUEST		Add User Request	1615120138206	1615120138613	OK	 
REQUEST		Add User Request	1615120138214	1615120138641	OK	 
REQUEST		Add User Request	1615120138214	1615120138644	OK	 
REQUEST		Add User Request	1615120138214	1615120138644	OK	 
REQUEST		Add User Request	1615120138258	1615120138675	OK	 
REQUEST		Add User Request	1615120138190	1615120138719	OK	 
REQUEST		Add User Request	1615120138344	1615120138719	OK	 
REQUEST		Add User Request	1615120138347	1615120138726	OK	 
REQUEST		Add User Request	1615120138356	1615120138730	OK	 
REQUEST		Add User Request	1615120138371	1615120138756	OK	 
REQUEST		Add User Request	1615120138356	1615120138766	OK	 
REQUEST		Add User Request	1615120138230	1615120138772	OK	 
REQUEST		Add User Request	1615120138387	1615120138773	OK	 
REQUEST		Add User Request	1615120138439	1615120138812	OK	 
REQUEST		Add User Request	1615120138504	1615120138897	OK	 
REQUEST		Add User Request	1615120138586	1615120139012	OK	 
REQUEST		Add User Request	1615120138613	1615120139012	OK	 
REQUEST		Add User Request	1615120138602	1615120139012	OK	 
REQUEST		Add User Request	1615120138602	1615120139013	OK	 
REQUEST		Add User Request	1615120138641	1615120139055	OK	 
REQUEST		Add User Request	1615120138644	1615120139058	OK	 
REQUEST		Add User Request	1615120138644	1615120139058	OK	 
REQUEST		Add User Request	1615120138675	1615120139064	OK	 
REQUEST		Add User Request	1615120138719	1615120139090	OK	 
REQUEST		Add User Request	1615120138731	1615120139100	OK	 
REQUEST		Add User Request	1615120138726	1615120139101	OK	 
REQUEST		Add User Request	1615120138751	1615120139186	OK	 
REQUEST		Add User Request	1615120138751	1615120139187	OK	 
REQUEST		Add User Request	1615120138756	1615120139188	OK	 
REQUEST		Add User Request	1615120138766	1615120139190	OK	 
REQUEST		Add User Request	1615120138767	1615120139190	OK	 
REQUEST		Add User Request	1615120138773	1615120139191	OK	 
REQUEST		Add User Request	1615120138766	1615120139191	OK	 
REQUEST		Add User Request	1615120138812	1615120139192	OK	 
REQUEST		Add User Request	1615120138921	1615120139355	OK	 
REQUEST		Add User Request	1615120138921	1615120139356	OK	 
REQUEST		Add User Request	1615120138923	1615120139356	OK	 
REQUEST		Add User Request	1615120139072	1615120139574	OK	 
REQUEST		Add User Request	1615120139099	1615120139575	OK	 
REQUEST		Add User Request	1615120139188	1615120139611	OK	 
REQUEST		Add User Request	1615120139186	1615120139611	OK	 
REQUEST		Add User Request	1615120139191	1615120139612	OK	 
REQUEST		Add User Request	1615120139192	1615120139613	OK	 
REQUEST		Add User Request	1615120139211	1615120139657	OK	 
REQUEST		Add User Request	1615120139308	1615120139699	OK	 
REQUEST		Add User Request	1615120139309	1615120139701	OK	 
REQUEST		Add User Request	1615120139309	1615120139702	OK	 
REQUEST		Add User Request	1615120139357	1615120139770	OK	 
REQUEST		Add User Request	1615120139355	1615120139783	OK	 
REQUEST		Add User Request	1615120139357	1615120139783	OK	 
REQUEST		Add User Request	1615120139561	1615120140024	OK	 
REQUEST		Add User Request	1615120139575	1615120140028	OK	 
REQUEST		Add User Request	1615120139574	1615120140028	OK	 
REQUEST		Add User Request	1615120139597	1615120140046	OK	 
REQUEST		Add User Request	1615120139657	1615120140114	OK	 
REQUEST		Add User Request	1615120139702	1615120140123	OK	 
REQUEST		Add User Request	1615120139701	1615120140124	OK	 
REQUEST		Add User Request	1615120139700	1615120140125	OK	 
REQUEST		Add User Request	1615120139818	1615120140192	OK	 
REQUEST		Add User Request	1615120139919	1615120140309	OK	 
REQUEST		Add User Request	1615120139935	1615120140327	OK	 
REQUEST		Add User Request	1615120140025	1615120140409	OK	 
REQUEST		Add User Request	1615120140046	1615120140545	OK	 
REQUEST		Add User Request	1615120140081	1615120140586	OK	 
REQUEST		Add User Request	1615120140081	1615120140591	OK	 
REQUEST		Add User Request	1615120140193	1615120140697	OK	 
REQUEST		Add User Request	1615120140250	1615120140775	OK	 
REQUEST		Add User Request	1615120140309	1615120140798	OK	 
REQUEST		Add User Request	1615120140327	1615120140812	OK	 
REQUEST		Add User Request	1615120140328	1615120140823	OK	 
REQUEST		Add User Request	1615120140587	1615120141039	OK	 
REQUEST		Add User Request	1615120140592	1615120141056	OK	 
REQUEST		Add User Request	1615120140606	1615120141064	OK	 
REQUEST		Add User Request	1615120140631	1615120141072	OK	 
REQUEST		Add User Request	1615120140775	1615120141249	OK	 
REQUEST		Add User Request	1615120140823	1615120141314	OK	 
REQUEST		Add User Request	1615120140941	1615120141373	OK	 
REQUEST		Add User Request	1615120141004	1615120141484	OK	 
REQUEST		Add User Request	1615120141012	1615120141504	OK	 
REQUEST		Add User Request	1615120141028	1615120141509	OK	 
REQUEST		Add User Request	1615120141064	1615120141528	OK	 
REQUEST		Add User Request	1615120141073	1615120141530	OK	 
REQUEST		Add User Request	1615120141004	1615120141607	OK	 
REQUEST		Add User Request	1615120141223	1615120141666	OK	 
REQUEST		Add User Request	1615120141328	1615120141731	OK	 
REQUEST		Add User Request	1615120141374	1615120141773	OK	 
REQUEST		Add User Request	1615120141404	1615120141782	OK	 
REQUEST		Add User Request	1615120141485	1615120141896	OK	 
REQUEST		Add User Request	1615120141504	1615120141898	OK	 
REQUEST		Add User Request	1615120141510	1615120141934	OK	 
REQUEST		Add User Request	1615120141528	1615120141941	OK	 
REQUEST		Add User Request	1615120141608	1615120141979	OK	 
REQUEST		Add User Request	1615120141666	1615120142044	OK	 
REQUEST		Add User Request	1615120141661	1615120142044	OK	 
REQUEST		Add User Request	1615120141661	1615120142058	OK	 
REQUEST		Add User Request	1615120141782	1615120142169	OK	 
REQUEST		Add User Request	1615120141731	1615120142257	OK	 
REQUEST		Add User Request	1615120141941	1615120142323	OK	 
REQUEST		Add User Request	1615120142030	1615120142414	OK	 
REQUEST		Add User Request	1615120142045	1615120142424	OK	 
REQUEST		Add User Request	1615120142058	1615120142433	OK	 
